<?xml version="1.0" encoding="UTF-8"?>
<testsuite xmlns:xsi="http://www.w3.org/2001/XMLSchema-instance" xsi:noNamespaceSchemaLocation="https://maven.apache.org/surefire/maven-surefire-plugin/xsd/surefire-test-report-3.0.xsd" version="3.0" name="Runner" time="8.459" tests="1" errors="0" skipped="0" failures="0">
  <properties>
[...]
</properties>
  <testcase name="[1:12] Create a new business entry" classname="features/create_business" time="7.808">
    <system-out><![CDATA[18:09:47.116 [main] DEBUG com.intuit.karate.Suite -- [config] classpath:karate-config.js
18:09:48.346 [main] INFO com.intuit.karate -- >> lock acquired, begin callonce: read('setup.feature')
18:09:48.427 [main] DEBUG com.jayway.jsonpath.internal.path.CompiledPath -- Evaluating path: $
18:09:48.459 [main] DEBUG io.netty.util.internal.logging.InternalLoggerFactory -- Using SLF4J as the default logging framework
18:09:48.461 [main] DEBUG io.netty.util.internal.PlatformDependent0 -- -Dio.netty.noUnsafe: false
18:09:48.461 [main] DEBUG io.netty.util.internal.PlatformDependent0 -- Java version: 21
18:09:48.462 [main] DEBUG io.netty.util.internal.PlatformDependent0 -- sun.misc.Unsafe.theUnsafe: available
18:09:48.463 [main] DEBUG io.netty.util.internal.PlatformDependent0 -- sun.misc.Unsafe.copyMemory: available
18:09:48.463 [main] DEBUG io.netty.util.internal.PlatformDependent0 -- sun.misc.Unsafe.storeFence: available
18:09:48.464 [main] DEBUG io.netty.util.internal.PlatformDependent0 -- java.nio.Buffer.address: available
18:09:48.464 [main] DEBUG io.netty.util.internal.PlatformDependent0 -- direct buffer constructor: unavailable: Reflective setAccessible(true) disabled
18:09:48.465 [main] DEBUG io.netty.util.internal.PlatformDependent0 -- java.nio.Bits.unaligned: available, true
18:09:48.466 [main] DEBUG io.netty.util.internal.PlatformDependent0 -- jdk.internal.misc.Unsafe.allocateUninitializedArray(int): unavailable: class io.netty.util.internal.PlatformDependent0$7 cannot access class jdk.internal.misc.Unsafe (in module java.base) because module java.base does not export jdk.internal.misc to unnamed module @5ed828d
18:09:48.467 [main] DEBUG io.netty.util.internal.PlatformDependent0 -- java.nio.DirectByteBuffer.<init>(long, {int,long}): unavailable
18:09:48.468 [main] DEBUG io.netty.util.internal.PlatformDependent -- sun.misc.Unsafe: available
18:09:48.469 [main] DEBUG io.netty.util.internal.PlatformDependent -- maxDirectMemory: 4294967296 bytes (maybe)
18:09:48.469 [main] DEBUG io.netty.util.internal.PlatformDependent -- -Dio.netty.tmpdir: /var/folders/9k/6xy7pp8j7_974cb555qn89180000gp/T (java.io.tmpdir)
18:09:48.469 [main] DEBUG io.netty.util.internal.PlatformDependent -- -Dio.netty.bitMode: 64 (sun.arch.data.model)
18:09:48.469 [main] DEBUG io.netty.util.internal.PlatformDependent -- Platform: MacOS
18:09:48.470 [main] DEBUG io.netty.util.internal.PlatformDependent -- -Dio.netty.maxDirectMemory: -1 bytes
18:09:48.470 [main] DEBUG io.netty.util.internal.PlatformDependent -- -Dio.netty.uninitializedArrayAllocationThreshold: -1
18:09:48.471 [main] DEBUG io.netty.util.internal.CleanerJava9 -- java.nio.ByteBuffer.cleaner(): available
18:09:48.471 [main] DEBUG io.netty.util.internal.PlatformDependent -- -Dio.netty.noPreferDirect: false
18:09:48.658 [main] DEBUG org.apache.http.client.protocol.RequestAddCookies -- CookieSpec selected: karate
18:09:48.665 [main] DEBUG org.apache.http.client.protocol.RequestAuthCache -- Auth cache not set in the context
18:09:48.667 [main] DEBUG com.intuit.karate -- request:
1 > POST http://temple-api.local/api/auth/local/register
1 > Content-Type: application/json; charset=UTF-8
1 > Content-Length: 143
1 > Host: temple-api.local
1 > Connection: Keep-Alive
1 > User-Agent: Apache-HttpClient/4.5.14 (Java/21.0.6)
1 > Accept-Encoding: gzip,deflate
{"username":"user_18a751c9-7453-44af-9046-131bd04952ea","email":"user_18a751c9-7453-44af-9046-131bd04952ea@a.com","password":"secret","role":1}

18:09:48.668 [main] DEBUG org.apache.http.impl.conn.PoolingHttpClientConnectionManager -- Connection request: [route: {}->http://temple-api.local:80][total available: 0; route allocated: 0 of 5; total allocated: 0 of 10]
18:09:48.674 [main] DEBUG org.apache.http.impl.conn.PoolingHttpClientConnectionManager -- Connection leased: [id: 0][route: {}->http://temple-api.local:80][total available: 0; route allocated: 1 of 5; total allocated: 1 of 10]
18:09:48.675 [main] DEBUG org.apache.http.impl.execchain.MainClientExec -- Opening connection {}->http://temple-api.local:80
18:09:53.694 [main] DEBUG org.apache.http.impl.conn.DefaultHttpClientConnectionOperator -- Connecting to temple-api.local/127.0.0.1:80
18:09:53.696 [main] DEBUG org.apache.http.impl.conn.DefaultHttpClientConnectionOperator -- Connection established 127.0.0.1:58872<->127.0.0.1:80
18:09:53.696 [main] DEBUG org.apache.http.impl.conn.DefaultManagedHttpClientConnection -- http-outgoing-0: set socket timeout to 30000
18:09:53.696 [main] DEBUG org.apache.http.impl.execchain.MainClientExec -- Executing request POST /api/auth/local/register HTTP/1.1
18:09:53.696 [main] DEBUG org.apache.http.impl.execchain.MainClientExec -- Target auth state: UNCHALLENGED
18:09:53.696 [main] DEBUG org.apache.http.impl.execchain.MainClientExec -- Proxy auth state: UNCHALLENGED
18:09:53.697 [main] DEBUG org.apache.http.headers -- http-outgoing-0 >> POST /api/auth/local/register HTTP/1.1
18:09:53.698 [main] DEBUG org.apache.http.headers -- http-outgoing-0 >> Content-Type: application/json; charset=UTF-8
18:09:53.698 [main] DEBUG org.apache.http.headers -- http-outgoing-0 >> Content-Length: 143
18:09:53.698 [main] DEBUG org.apache.http.headers -- http-outgoing-0 >> Host: temple-api.local
18:09:53.698 [main] DEBUG org.apache.http.headers -- http-outgoing-0 >> Connection: Keep-Alive
18:09:53.698 [main] DEBUG org.apache.http.headers -- http-outgoing-0 >> User-Agent: Apache-HttpClient/4.5.14 (Java/21.0.6)
18:09:53.698 [main] DEBUG org.apache.http.headers -- http-outgoing-0 >> Accept-Encoding: gzip,deflate
18:09:53.698 [main] DEBUG org.apache.http.wire -- http-outgoing-0 >> "POST /api/auth/local/register HTTP/1.1[\r][\n]"
18:09:53.698 [main] DEBUG org.apache.http.wire -- http-outgoing-0 >> "Content-Type: application/json; charset=UTF-8[\r][\n]"
18:09:53.698 [main] DEBUG org.apache.http.wire -- http-outgoing-0 >> "Content-Length: 143[\r][\n]"
18:09:53.699 [main] DEBUG org.apache.http.wire -- http-outgoing-0 >> "Host: temple-api.local[\r][\n]"
18:09:53.699 [main] DEBUG org.apache.http.wire -- http-outgoing-0 >> "Connection: Keep-Alive[\r][\n]"
18:09:53.699 [main] DEBUG org.apache.http.wire -- http-outgoing-0 >> "User-Agent: Apache-HttpClient/4.5.14 (Java/21.0.6)[\r][\n]"
18:09:53.699 [main] DEBUG org.apache.http.wire -- http-outgoing-0 >> "Accept-Encoding: gzip,deflate[\r][\n]"
18:09:53.699 [main] DEBUG org.apache.http.wire -- http-outgoing-0 >> "[\r][\n]"
18:09:53.699 [main] DEBUG org.apache.http.wire -- http-outgoing-0 >> "{"username":"user_18a751c9-7453-44af-9046-131bd04952ea","email":"user_18a751c9-7453-44af-9046-131bd04952ea@a.com","password":"secret","role":1}"
18:09:53.859 [main] DEBUG org.apache.http.wire -- http-outgoing-0 << "HTTP/1.1 200 OK[\r][\n]"
18:09:53.859 [main] DEBUG org.apache.http.wire -- http-outgoing-0 << "Date: Sat, 18 Oct 2025 12:39:53 GMT[\r][\n]"
18:09:53.859 [main] DEBUG org.apache.http.wire -- http-outgoing-0 << "Content-Type: application/json; charset=utf-8[\r][\n]"
18:09:53.859 [main] DEBUG org.apache.http.wire -- http-outgoing-0 << "Content-Length: 950[\r][\n]"
18:09:53.860 [main] DEBUG org.apache.http.wire -- http-outgoing-0 << "Connection: keep-alive[\r][\n]"
18:09:53.860 [main] DEBUG org.apache.http.wire -- http-outgoing-0 << "content-security-policy: connect-src 'self' https:;img-src 'self' data: blob: dl.airtable.com yourBucketName.s3.yourRegion.amazonaws.com;media-src 'self' data: blob: dl.airtable.com yourBucketName.s3.yourRegion.amazonaws.com;default-src 'self';base-uri 'self';block-all-mixed-content;font-src 'self' https: data:;frame-ancestors 'self';object-src 'none';script-src 'self';script-src-attr 'none';style-src 'self' https: 'unsafe-inline'[\r][\n]"
18:09:53.860 [main] DEBUG org.apache.http.wire -- http-outgoing-0 << "x-dns-prefetch-control: off[\r][\n]"
18:09:53.860 [main] DEBUG org.apache.http.wire -- http-outgoing-0 << "expect-ct: max-age=0[\r][\n]"
18:09:53.860 [main] DEBUG org.apache.http.wire -- http-outgoing-0 << "x-frame-options: SAMEORIGIN[\r][\n]"
18:09:53.860 [main] DEBUG org.apache.http.wire -- http-outgoing-0 << "strict-transport-security: max-age=31536000; includeSubDomains[\r][\n]"
18:09:53.860 [main] DEBUG org.apache.http.wire -- http-outgoing-0 << "x-download-options: noopen[\r][\n]"
18:09:53.860 [main] DEBUG org.apache.http.wire -- http-outgoing-0 << "x-content-type-options: nosniff[\r][\n]"
18:09:53.860 [main] DEBUG org.apache.http.wire -- http-outgoing-0 << "x-permitted-cross-domain-policies: none[\r][\n]"
18:09:53.860 [main] DEBUG org.apache.http.wire -- http-outgoing-0 << "referrer-policy: no-referrer[\r][\n]"
18:09:53.860 [main] DEBUG org.apache.http.wire -- http-outgoing-0 << "vary: Origin[\r][\n]"
18:09:53.860 [main] DEBUG org.apache.http.wire -- http-outgoing-0 << "x-ratelimit-limit: 10000000[\r][\n]"
18:09:53.860 [main] DEBUG org.apache.http.wire -- http-outgoing-0 << "x-ratelimit-remaining: 9999999[\r][\n]"
18:09:53.860 [main] DEBUG org.apache.http.wire -- http-outgoing-0 << "x-ratelimit-reset: 1760791194[\r][\n]"
18:09:53.860 [main] DEBUG org.apache.http.wire -- http-outgoing-0 << "x-powered-by: Strapi <strapi.io>[\r][\n]"
18:09:53.860 [main] DEBUG org.apache.http.wire -- http-outgoing-0 << "x-envoy-upstream-service-time: 155[\r][\n]"
18:09:53.860 [main] DEBUG org.apache.http.wire -- http-outgoing-0 << "x-envoy-decorator-operation: temple-api-service.dev.svc.cluster.local:1337/*[\r][\n]"
18:09:53.860 [main] DEBUG org.apache.http.wire -- http-outgoing-0 << "[\r][\n]"
18:09:53.861 [main] DEBUG org.apache.http.wire -- http-outgoing-0 << "{"jwt":"eyJhbGciOiJIUzI1NiIsInR5cCI6IkpXVCJ9.eyJpZCI6NDIsImlhdCI6MTc2MDc5MTE5MywiZXhwIjoxNzYzMzgzMTkzfQ.SOizPUblIMSZhugqYnqgfo9O4pRFa7smBS7nslA0_m0","user":{"id":42,"username":"user_18a751c9-7453-44af-9046-131bd04952ea","email":"user_18a751c9-7453-44af-9046-131bd04952ea@a.com","provider":"local","confirmed":true,"blocked":false,"dob":null,"father":null,"mother":null,"husband":null,"marital":null,"occupation":null,"gotra":null,"gender":null,"jati":null,"cast":null,"isdivyang":false,"divyangdescription":null,"relationship":null,"privacy":null,"user_title":null,"mobile":null,"userrole":null,"userstatus":"PENDING","userid":null,"first_name":null,"last_name":null,"samaj":null,"marital_status":null,"profession":null,"settingjson":null,"orgsku":null,"age":null,"committee_role":null,"relation_name":null,"education_name":null,"blood_group":null,"education_level":null,"createdAt":"2025-10-18T12:39:53.838Z","updatedAt":"2025-10-18T12:39:53.838Z"}}"
18:09:53.862 [main] DEBUG org.apache.http.headers -- http-outgoing-0 << HTTP/1.1 200 OK
18:09:53.862 [main] DEBUG org.apache.http.headers -- http-outgoing-0 << Date: Sat, 18 Oct 2025 12:39:53 GMT
18:09:53.862 [main] DEBUG org.apache.http.headers -- http-outgoing-0 << Content-Type: application/json; charset=utf-8
18:09:53.862 [main] DEBUG org.apache.http.headers -- http-outgoing-0 << Content-Length: 950
18:09:53.862 [main] DEBUG org.apache.http.headers -- http-outgoing-0 << Connection: keep-alive
18:09:53.862 [main] DEBUG org.apache.http.headers -- http-outgoing-0 << content-security-policy: connect-src 'self' https:;img-src 'self' data: blob: dl.airtable.com yourBucketName.s3.yourRegion.amazonaws.com;media-src 'self' data: blob: dl.airtable.com yourBucketName.s3.yourRegion.amazonaws.com;default-src 'self';base-uri 'self';block-all-mixed-content;font-src 'self' https: data:;frame-ancestors 'self';object-src 'none';script-src 'self';script-src-attr 'none';style-src 'self' https: 'unsafe-inline'
18:09:53.862 [main] DEBUG org.apache.http.headers -- http-outgoing-0 << x-dns-prefetch-control: off
18:09:53.862 [main] DEBUG org.apache.http.headers -- http-outgoing-0 << expect-ct: max-age=0
18:09:53.862 [main] DEBUG org.apache.http.headers -- http-outgoing-0 << x-frame-options: SAMEORIGIN
18:09:53.862 [main] DEBUG org.apache.http.headers -- http-outgoing-0 << strict-transport-security: max-age=31536000; includeSubDomains
18:09:53.862 [main] DEBUG org.apache.http.headers -- http-outgoing-0 << x-download-options: noopen
18:09:53.862 [main] DEBUG org.apache.http.headers -- http-outgoing-0 << x-content-type-options: nosniff
18:09:53.863 [main] DEBUG org.apache.http.headers -- http-outgoing-0 << x-permitted-cross-domain-policies: none
18:09:53.863 [main] DEBUG org.apache.http.headers -- http-outgoing-0 << referrer-policy: no-referrer
18:09:53.863 [main] DEBUG org.apache.http.headers -- http-outgoing-0 << vary: Origin
18:09:53.863 [main] DEBUG org.apache.http.headers -- http-outgoing-0 << x-ratelimit-limit: 10000000
18:09:53.863 [main] DEBUG org.apache.http.headers -- http-outgoing-0 << x-ratelimit-remaining: 9999999
18:09:53.863 [main] DEBUG org.apache.http.headers -- http-outgoing-0 << x-ratelimit-reset: 1760791194
18:09:53.863 [main] DEBUG org.apache.http.headers -- http-outgoing-0 << x-powered-by: Strapi <strapi.io>
18:09:53.863 [main] DEBUG org.apache.http.headers -- http-outgoing-0 << x-envoy-upstream-service-time: 155
18:09:53.863 [main] DEBUG org.apache.http.headers -- http-outgoing-0 << x-envoy-decorator-operation: temple-api-service.dev.svc.cluster.local:1337/*
18:09:53.864 [main] DEBUG org.apache.http.impl.execchain.MainClientExec -- Connection can be kept alive indefinitely
18:09:53.866 [main] DEBUG org.apache.http.impl.conn.PoolingHttpClientConnectionManager -- Connection [id: 0][route: {}->http://temple-api.local:80] can be kept alive indefinitely
18:09:53.866 [main] DEBUG org.apache.http.impl.conn.DefaultManagedHttpClientConnection -- http-outgoing-0: set socket timeout to 0
18:09:53.866 [main] DEBUG org.apache.http.impl.conn.PoolingHttpClientConnectionManager -- Connection released: [id: 0][route: {}->http://temple-api.local:80][total available: 1; route allocated: 1 of 5; total allocated: 1 of 10]
18:09:53.866 [main] DEBUG org.apache.http.impl.conn.PoolingHttpClientConnectionManager -- Connection manager is shutting down
18:09:53.867 [main] DEBUG org.apache.http.impl.conn.DefaultManagedHttpClientConnection -- http-outgoing-0: Close connection
18:09:53.868 [main] DEBUG org.apache.http.impl.conn.PoolingHttpClientConnectionManager -- Connection manager shut down
18:09:53.870 [main] DEBUG com.intuit.karate -- response time in milliseconds: 5199
1 < 200
1 < Date: Sat, 18 Oct 2025 12:39:53 GMT
1 < Content-Type: application/json; charset=utf-8
1 < Content-Length: 950
1 < Connection: keep-alive
1 < content-security-policy: connect-src 'self' https:;img-src 'self' data: blob: dl.airtable.com yourBucketName.s3.yourRegion.amazonaws.com;media-src 'self' data: blob: dl.airtable.com yourBucketName.s3.yourRegion.amazonaws.com;default-src 'self';base-uri 'self';block-all-mixed-content;font-src 'self' https: data:;frame-ancestors 'self';object-src 'none';script-src 'self';script-src-attr 'none';style-src 'self' https: 'unsafe-inline'
1 < x-dns-prefetch-control: off
1 < expect-ct: max-age=0
1 < x-frame-options: SAMEORIGIN
1 < strict-transport-security: max-age=31536000; includeSubDomains
1 < x-download-options: noopen
1 < x-content-type-options: nosniff
1 < x-permitted-cross-domain-policies: none
1 < referrer-policy: no-referrer
1 < vary: Origin
1 < x-ratelimit-limit: 10000000
1 < x-ratelimit-remaining: 9999999
1 < x-ratelimit-reset: 1760791194
1 < x-powered-by: Strapi <strapi.io>
1 < x-envoy-upstream-service-time: 155
1 < x-envoy-decorator-operation: temple-api-service.dev.svc.cluster.local:1337/*
{"jwt":"eyJhbGciOiJIUzI1NiIsInR5cCI6IkpXVCJ9.eyJpZCI6NDIsImlhdCI6MTc2MDc5MTE5MywiZXhwIjoxNzYzMzgzMTkzfQ.SOizPUblIMSZhugqYnqgfo9O4pRFa7smBS7nslA0_m0","user":{"id":42,"username":"user_18a751c9-7453-44af-9046-131bd04952ea","email":"user_18a751c9-7453-44af-9046-131bd04952ea@a.com","provider":"local","confirmed":true,"blocked":false,"dob":null,"father":null,"mother":null,"husband":null,"marital":null,"occupation":null,"gotra":null,"gender":null,"jati":null,"cast":null,"isdivyang":false,"divyangdescription":null,"relationship":null,"privacy":null,"user_title":null,"mobile":null,"userrole":null,"userstatus":"PENDING","userid":null,"first_name":null,"last_name":null,"samaj":null,"marital_status":null,"profession":null,"settingjson":null,"orgsku":null,"age":null,"committee_role":null,"relation_name":null,"education_name":null,"blood_group":null,"education_level":null,"createdAt":"2025-10-18T12:39:53.838Z","updatedAt":"2025-10-18T12:39:53.838Z"}}

18:09:53.882 [main] INFO com.intuit.karate -- [print] ✅ User registered: {
  "jwt": "eyJhbGciOiJIUzI1NiIsInR5cCI6IkpXVCJ9.eyJpZCI6NDIsImlhdCI6MTc2MDc5MTE5MywiZXhwIjoxNzYzMzgzMTkzfQ.SOizPUblIMSZhugqYnqgfo9O4pRFa7smBS7nslA0_m0",
  "user": {
    "id": 42,
    "username": "user_18a751c9-7453-44af-9046-131bd04952ea",
    "email": "user_18a751c9-7453-44af-9046-131bd04952ea@a.com",
    "provider": "local",
    "confirmed": true,
    "blocked": false,
    "dob": null,
    "father": null,
    "mother": null,
    "husband": null,
    "marital": null,
    "occupation": null,
    "gotra": null,
    "gender": null,
    "jati": null,
    "cast": null,
    "isdivyang": false,
    "divyangdescription": null,
    "relationship": null,
    "privacy": null,
    "user_title": null,
    "mobile": null,
    "userrole": null,
    "userstatus": "PENDING",
    "userid": null,
    "first_name": null,
    "last_name": null,
    "samaj": null,
    "marital_status": null,
    "profession": null,
    "settingjson": null,
    "orgsku": null,
    "age": null,
    "committee_role": null,
    "relation_name": null,
    "education_name": null,
    "blood_group": null,
    "education_level": null,
    "createdAt": "2025-10-18T12:39:53.838Z",
    "updatedAt": "2025-10-18T12:39:53.838Z"
  }
}
 
18:09:53.885 [main] DEBUG com.jayway.jsonpath.internal.path.CompiledPath -- Evaluating path: $
18:09:53.887 [main] DEBUG org.apache.http.client.protocol.RequestAddCookies -- CookieSpec selected: karate
18:09:53.887 [main] DEBUG org.apache.http.client.protocol.RequestAuthCache -- Auth cache not set in the context
18:09:53.887 [main] DEBUG com.intuit.karate -- request:
2 > POST http://temple-api.local/api/auth/local
2 > Content-Type: application/json; charset=UTF-8
2 > Content-Length: 84
2 > Host: temple-api.local
2 > Connection: Keep-Alive
2 > User-Agent: Apache-HttpClient/4.5.14 (Java/21.0.6)
2 > Accept-Encoding: gzip,deflate
{"identifier":"user_18a751c9-7453-44af-9046-131bd04952ea@a.com","password":"secret"}

18:09:53.887 [main] DEBUG org.apache.http.impl.conn.PoolingHttpClientConnectionManager -- Connection request: [route: {}->http://temple-api.local:80][total available: 0; route allocated: 0 of 5; total allocated: 0 of 10]
18:09:53.887 [main] DEBUG org.apache.http.impl.conn.PoolingHttpClientConnectionManager -- Connection leased: [id: 1][route: {}->http://temple-api.local:80][total available: 0; route allocated: 1 of 5; total allocated: 1 of 10]
18:09:53.887 [main] DEBUG org.apache.http.impl.execchain.MainClientExec -- Opening connection {}->http://temple-api.local:80
18:09:53.887 [main] DEBUG org.apache.http.impl.conn.DefaultHttpClientConnectionOperator -- Connecting to temple-api.local/127.0.0.1:80
18:09:53.888 [main] DEBUG org.apache.http.impl.conn.DefaultHttpClientConnectionOperator -- Connection established 127.0.0.1:58873<->127.0.0.1:80
18:09:53.888 [main] DEBUG org.apache.http.impl.conn.DefaultManagedHttpClientConnection -- http-outgoing-1: set socket timeout to 30000
18:09:53.888 [main] DEBUG org.apache.http.impl.execchain.MainClientExec -- Executing request POST /api/auth/local HTTP/1.1
18:09:53.888 [main] DEBUG org.apache.http.impl.execchain.MainClientExec -- Target auth state: UNCHALLENGED
18:09:53.888 [main] DEBUG org.apache.http.impl.execchain.MainClientExec -- Proxy auth state: UNCHALLENGED
18:09:53.888 [main] DEBUG org.apache.http.headers -- http-outgoing-1 >> POST /api/auth/local HTTP/1.1
18:09:53.888 [main] DEBUG org.apache.http.headers -- http-outgoing-1 >> Content-Type: application/json; charset=UTF-8
18:09:53.888 [main] DEBUG org.apache.http.headers -- http-outgoing-1 >> Content-Length: 84
18:09:53.888 [main] DEBUG org.apache.http.headers -- http-outgoing-1 >> Host: temple-api.local
18:09:53.888 [main] DEBUG org.apache.http.headers -- http-outgoing-1 >> Connection: Keep-Alive
18:09:53.888 [main] DEBUG org.apache.http.headers -- http-outgoing-1 >> User-Agent: Apache-HttpClient/4.5.14 (Java/21.0.6)
18:09:53.888 [main] DEBUG org.apache.http.headers -- http-outgoing-1 >> Accept-Encoding: gzip,deflate
18:09:53.888 [main] DEBUG org.apache.http.wire -- http-outgoing-1 >> "POST /api/auth/local HTTP/1.1[\r][\n]"
18:09:53.888 [main] DEBUG org.apache.http.wire -- http-outgoing-1 >> "Content-Type: application/json; charset=UTF-8[\r][\n]"
18:09:53.888 [main] DEBUG org.apache.http.wire -- http-outgoing-1 >> "Content-Length: 84[\r][\n]"
18:09:53.888 [main] DEBUG org.apache.http.wire -- http-outgoing-1 >> "Host: temple-api.local[\r][\n]"
18:09:53.889 [main] DEBUG org.apache.http.wire -- http-outgoing-1 >> "Connection: Keep-Alive[\r][\n]"
18:09:53.889 [main] DEBUG org.apache.http.wire -- http-outgoing-1 >> "User-Agent: Apache-HttpClient/4.5.14 (Java/21.0.6)[\r][\n]"
18:09:53.889 [main] DEBUG org.apache.http.wire -- http-outgoing-1 >> "Accept-Encoding: gzip,deflate[\r][\n]"
18:09:53.889 [main] DEBUG org.apache.http.wire -- http-outgoing-1 >> "[\r][\n]"
18:09:53.889 [main] DEBUG org.apache.http.wire -- http-outgoing-1 >> "{"identifier":"user_18a751c9-7453-44af-9046-131bd04952ea@a.com","password":"secret"}"
18:09:53.995 [main] DEBUG org.apache.http.wire -- http-outgoing-1 << "HTTP/1.1 200 OK[\r][\n]"
18:09:53.996 [main] DEBUG org.apache.http.wire -- http-outgoing-1 << "Date: Sat, 18 Oct 2025 12:39:53 GMT[\r][\n]"
18:09:53.996 [main] DEBUG org.apache.http.wire -- http-outgoing-1 << "Content-Type: application/json; charset=utf-8[\r][\n]"
18:09:53.996 [main] DEBUG org.apache.http.wire -- http-outgoing-1 << "Content-Length: 950[\r][\n]"
18:09:53.996 [main] DEBUG org.apache.http.wire -- http-outgoing-1 << "Connection: keep-alive[\r][\n]"
18:09:53.996 [main] DEBUG org.apache.http.wire -- http-outgoing-1 << "content-security-policy: connect-src 'self' https:;img-src 'self' data: blob: dl.airtable.com yourBucketName.s3.yourRegion.amazonaws.com;media-src 'self' data: blob: dl.airtable.com yourBucketName.s3.yourRegion.amazonaws.com;default-src 'self';base-uri 'self';block-all-mixed-content;font-src 'self' https: data:;frame-ancestors 'self';object-src 'none';script-src 'self';script-src-attr 'none';style-src 'self' https: 'unsafe-inline'[\r][\n]"
18:09:53.996 [main] DEBUG org.apache.http.wire -- http-outgoing-1 << "x-dns-prefetch-control: off[\r][\n]"
18:09:53.996 [main] DEBUG org.apache.http.wire -- http-outgoing-1 << "expect-ct: max-age=0[\r][\n]"
18:09:53.996 [main] DEBUG org.apache.http.wire -- http-outgoing-1 << "x-frame-options: SAMEORIGIN[\r][\n]"
18:09:53.996 [main] DEBUG org.apache.http.wire -- http-outgoing-1 << "strict-transport-security: max-age=31536000; includeSubDomains[\r][\n]"
18:09:53.996 [main] DEBUG org.apache.http.wire -- http-outgoing-1 << "x-download-options: noopen[\r][\n]"
18:09:53.996 [main] DEBUG org.apache.http.wire -- http-outgoing-1 << "x-content-type-options: nosniff[\r][\n]"
18:09:53.996 [main] DEBUG org.apache.http.wire -- http-outgoing-1 << "x-permitted-cross-domain-policies: none[\r][\n]"
18:09:53.996 [main] DEBUG org.apache.http.wire -- http-outgoing-1 << "referrer-policy: no-referrer[\r][\n]"
18:09:53.996 [main] DEBUG org.apache.http.wire -- http-outgoing-1 << "vary: Origin[\r][\n]"
18:09:53.996 [main] DEBUG org.apache.http.wire -- http-outgoing-1 << "x-ratelimit-limit: 10000000[\r][\n]"
18:09:53.997 [main] DEBUG org.apache.http.wire -- http-outgoing-1 << "x-ratelimit-remaining: 9999999[\r][\n]"
18:09:53.997 [main] DEBUG org.apache.http.wire -- http-outgoing-1 << "x-ratelimit-reset: 1760791194[\r][\n]"
18:09:53.997 [main] DEBUG org.apache.http.wire -- http-outgoing-1 << "x-powered-by: Strapi <strapi.io>[\r][\n]"
18:09:53.997 [main] DEBUG org.apache.http.wire -- http-outgoing-1 << "x-envoy-upstream-service-time: 94[\r][\n]"
18:09:53.997 [main] DEBUG org.apache.http.wire -- http-outgoing-1 << "x-envoy-decorator-operation: temple-api-service.dev.svc.cluster.local:1337/*[\r][\n]"
18:09:53.997 [main] DEBUG org.apache.http.wire -- http-outgoing-1 << "[\r][\n]"
18:09:53.997 [main] DEBUG org.apache.http.wire -- http-outgoing-1 << "{"jwt":"eyJhbGciOiJIUzI1NiIsInR5cCI6IkpXVCJ9.eyJpZCI6NDIsImlhdCI6MTc2MDc5MTE5MywiZXhwIjoxNzYzMzgzMTkzfQ.SOizPUblIMSZhugqYnqgfo9O4pRFa7smBS7nslA0_m0","user":{"id":42,"username":"user_18a751c9-7453-44af-9046-131bd04952ea","email":"user_18a751c9-7453-44af-9046-131bd04952ea@a.com","provider":"local","confirmed":true,"blocked":false,"dob":null,"father":null,"mother":null,"husband":null,"marital":null,"occupation":null,"gotra":null,"gender":null,"jati":null,"cast":null,"isdivyang":false,"divyangdescription":null,"relationship":null,"privacy":null,"user_title":null,"mobile":null,"userrole":null,"userstatus":"PENDING","userid":null,"first_name":null,"last_name":null,"samaj":null,"marital_status":null,"profession":null,"settingjson":null,"orgsku":null,"age":null,"committee_role":null,"relation_name":null,"education_name":null,"blood_group":null,"education_level":null,"createdAt":"2025-10-18T12:39:53.838Z","updatedAt":"2025-10-18T12:39:53.838Z"}}"
18:09:53.997 [main] DEBUG org.apache.http.headers -- http-outgoing-1 << HTTP/1.1 200 OK
18:09:53.997 [main] DEBUG org.apache.http.headers -- http-outgoing-1 << Date: Sat, 18 Oct 2025 12:39:53 GMT
18:09:53.997 [main] DEBUG org.apache.http.headers -- http-outgoing-1 << Content-Type: application/json; charset=utf-8
18:09:53.997 [main] DEBUG org.apache.http.headers -- http-outgoing-1 << Content-Length: 950
18:09:53.997 [main] DEBUG org.apache.http.headers -- http-outgoing-1 << Connection: keep-alive
18:09:53.997 [main] DEBUG org.apache.http.headers -- http-outgoing-1 << content-security-policy: connect-src 'self' https:;img-src 'self' data: blob: dl.airtable.com yourBucketName.s3.yourRegion.amazonaws.com;media-src 'self' data: blob: dl.airtable.com yourBucketName.s3.yourRegion.amazonaws.com;default-src 'self';base-uri 'self';block-all-mixed-content;font-src 'self' https: data:;frame-ancestors 'self';object-src 'none';script-src 'self';script-src-attr 'none';style-src 'self' https: 'unsafe-inline'
18:09:53.997 [main] DEBUG org.apache.http.headers -- http-outgoing-1 << x-dns-prefetch-control: off
18:09:53.997 [main] DEBUG org.apache.http.headers -- http-outgoing-1 << expect-ct: max-age=0
18:09:53.997 [main] DEBUG org.apache.http.headers -- http-outgoing-1 << x-frame-options: SAMEORIGIN
18:09:53.997 [main] DEBUG org.apache.http.headers -- http-outgoing-1 << strict-transport-security: max-age=31536000; includeSubDomains
18:09:53.997 [main] DEBUG org.apache.http.headers -- http-outgoing-1 << x-download-options: noopen
18:09:53.997 [main] DEBUG org.apache.http.headers -- http-outgoing-1 << x-content-type-options: nosniff
18:09:53.997 [main] DEBUG org.apache.http.headers -- http-outgoing-1 << x-permitted-cross-domain-policies: none
18:09:53.997 [main] DEBUG org.apache.http.headers -- http-outgoing-1 << referrer-policy: no-referrer
18:09:53.998 [main] DEBUG org.apache.http.headers -- http-outgoing-1 << vary: Origin
18:09:53.998 [main] DEBUG org.apache.http.headers -- http-outgoing-1 << x-ratelimit-limit: 10000000
18:09:53.998 [main] DEBUG org.apache.http.headers -- http-outgoing-1 << x-ratelimit-remaining: 9999999
18:09:53.998 [main] DEBUG org.apache.http.headers -- http-outgoing-1 << x-ratelimit-reset: 1760791194
18:09:53.998 [main] DEBUG org.apache.http.headers -- http-outgoing-1 << x-powered-by: Strapi <strapi.io>
18:09:53.998 [main] DEBUG org.apache.http.headers -- http-outgoing-1 << x-envoy-upstream-service-time: 94
18:09:53.998 [main] DEBUG org.apache.http.headers -- http-outgoing-1 << x-envoy-decorator-operation: temple-api-service.dev.svc.cluster.local:1337/*
18:09:53.998 [main] DEBUG org.apache.http.impl.execchain.MainClientExec -- Connection can be kept alive indefinitely
18:09:53.998 [main] DEBUG org.apache.http.impl.conn.PoolingHttpClientConnectionManager -- Connection [id: 1][route: {}->http://temple-api.local:80] can be kept alive indefinitely
18:09:53.998 [main] DEBUG org.apache.http.impl.conn.DefaultManagedHttpClientConnection -- http-outgoing-1: set socket timeout to 0
18:09:53.998 [main] DEBUG org.apache.http.impl.conn.PoolingHttpClientConnectionManager -- Connection released: [id: 1][route: {}->http://temple-api.local:80][total available: 1; route allocated: 1 of 5; total allocated: 1 of 10]
18:09:53.998 [main] DEBUG org.apache.http.impl.conn.PoolingHttpClientConnectionManager -- Connection manager is shutting down
18:09:53.998 [main] DEBUG org.apache.http.impl.conn.DefaultManagedHttpClientConnection -- http-outgoing-1: Close connection
18:09:53.998 [main] DEBUG org.apache.http.impl.conn.PoolingHttpClientConnectionManager -- Connection manager shut down
18:09:53.999 [main] DEBUG com.intuit.karate -- response time in milliseconds: 111
2 < 200
2 < Date: Sat, 18 Oct 2025 12:39:53 GMT
2 < Content-Type: application/json; charset=utf-8
2 < Content-Length: 950
2 < Connection: keep-alive
2 < content-security-policy: connect-src 'self' https:;img-src 'self' data: blob: dl.airtable.com yourBucketName.s3.yourRegion.amazonaws.com;media-src 'self' data: blob: dl.airtable.com yourBucketName.s3.yourRegion.amazonaws.com;default-src 'self';base-uri 'self';block-all-mixed-content;font-src 'self' https: data:;frame-ancestors 'self';object-src 'none';script-src 'self';script-src-attr 'none';style-src 'self' https: 'unsafe-inline'
2 < x-dns-prefetch-control: off
2 < expect-ct: max-age=0
2 < x-frame-options: SAMEORIGIN
2 < strict-transport-security: max-age=31536000; includeSubDomains
2 < x-download-options: noopen
2 < x-content-type-options: nosniff
2 < x-permitted-cross-domain-policies: none
2 < referrer-policy: no-referrer
2 < vary: Origin
2 < x-ratelimit-limit: 10000000
2 < x-ratelimit-remaining: 9999999
2 < x-ratelimit-reset: 1760791194
2 < x-powered-by: Strapi <strapi.io>
2 < x-envoy-upstream-service-time: 94
2 < x-envoy-decorator-operation: temple-api-service.dev.svc.cluster.local:1337/*
{"jwt":"eyJhbGciOiJIUzI1NiIsInR5cCI6IkpXVCJ9.eyJpZCI6NDIsImlhdCI6MTc2MDc5MTE5MywiZXhwIjoxNzYzMzgzMTkzfQ.SOizPUblIMSZhugqYnqgfo9O4pRFa7smBS7nslA0_m0","user":{"id":42,"username":"user_18a751c9-7453-44af-9046-131bd04952ea","email":"user_18a751c9-7453-44af-9046-131bd04952ea@a.com","provider":"local","confirmed":true,"blocked":false,"dob":null,"father":null,"mother":null,"husband":null,"marital":null,"occupation":null,"gotra":null,"gender":null,"jati":null,"cast":null,"isdivyang":false,"divyangdescription":null,"relationship":null,"privacy":null,"user_title":null,"mobile":null,"userrole":null,"userstatus":"PENDING","userid":null,"first_name":null,"last_name":null,"samaj":null,"marital_status":null,"profession":null,"settingjson":null,"orgsku":null,"age":null,"committee_role":null,"relation_name":null,"education_name":null,"blood_group":null,"education_level":null,"createdAt":"2025-10-18T12:39:53.838Z","updatedAt":"2025-10-18T12:39:53.838Z"}}

18:09:54.001 [main] INFO com.intuit.karate -- [print] ✅ Login successful: {
  "jwt": "eyJhbGciOiJIUzI1NiIsInR5cCI6IkpXVCJ9.eyJpZCI6NDIsImlhdCI6MTc2MDc5MTE5MywiZXhwIjoxNzYzMzgzMTkzfQ.SOizPUblIMSZhugqYnqgfo9O4pRFa7smBS7nslA0_m0",
  "user": {
    "id": 42,
    "username": "user_18a751c9-7453-44af-9046-131bd04952ea",
    "email": "user_18a751c9-7453-44af-9046-131bd04952ea@a.com",
    "provider": "local",
    "confirmed": true,
    "blocked": false,
    "dob": null,
    "father": null,
    "mother": null,
    "husband": null,
    "marital": null,
    "occupation": null,
    "gotra": null,
    "gender": null,
    "jati": null,
    "cast": null,
    "isdivyang": false,
    "divyangdescription": null,
    "relationship": null,
    "privacy": null,
    "user_title": null,
    "mobile": null,
    "userrole": null,
    "userstatus": "PENDING",
    "userid": null,
    "first_name": null,
    "last_name": null,
    "samaj": null,
    "marital_status": null,
    "profession": null,
    "settingjson": null,
    "orgsku": null,
    "age": null,
    "committee_role": null,
    "relation_name": null,
    "education_name": null,
    "blood_group": null,
    "education_level": null,
    "createdAt": "2025-10-18T12:39:53.838Z",
    "updatedAt": "2025-10-18T12:39:53.838Z"
  }
}
 
18:09:54.005 [main] DEBUG com.jayway.jsonpath.internal.path.CompiledPath -- Evaluating path: $
18:09:54.007 [main] INFO com.intuit.karate -- [print] Setup returning token: eyJhbGciOiJIUzI1NiIsInR5cCI6IkpXVCJ9.eyJpZCI6NDIsImlhdCI6MTc2MDc5MTE5MywiZXhwIjoxNzYzMzgzMTkzfQ.SOizPUblIMSZhugqYnqgfo9O4pRFa7smBS7nslA0_m0 
18:09:54.008 [main] INFO com.intuit.karate -- [print] Setup returning userId: 42 
18:09:54.014 [main] DEBUG com.jayway.jsonpath.internal.path.CompiledPath -- Evaluating path: $['userId']
18:09:54.021 [main] DEBUG com.jayway.jsonpath.internal.path.CompiledPath -- Evaluating path: $['token']
18:09:54.022 [main] DEBUG com.jayway.jsonpath.internal.path.CompiledPath -- Evaluating path: $['username']
18:09:54.022 [main] DEBUG com.jayway.jsonpath.internal.path.CompiledPath -- Evaluating path: $['email']
18:09:54.027 [main] INFO com.intuit.karate -- << lock released, cached callonce: read('setup.feature')
18:09:54.031 [main] INFO com.intuit.karate -- [print] 🧩 Using user: user_18a751c9-7453-44af-9046-131bd04952ea ID: 42 
18:09:54.035 [main] DEBUG com.jayway.jsonpath.internal.path.CompiledPath -- Evaluating path: $
18:09:54.036 [main] DEBUG org.apache.http.client.protocol.RequestAddCookies -- CookieSpec selected: karate
18:09:54.036 [main] DEBUG org.apache.http.client.protocol.RequestAuthCache -- Auth cache not set in the context
18:09:54.036 [main] DEBUG com.intuit.karate -- request:
1 > POST http://temple-api.local/api/businesses
1 > Authorization: Bearer eyJhbGciOiJIUzI1NiIsInR5cCI6IkpXVCJ9.eyJpZCI6NDIsImlhdCI6MTc2MDc5MTE5MywiZXhwIjoxNzYzMzgzMTkzfQ.SOizPUblIMSZhugqYnqgfo9O4pRFa7smBS7nslA0_m0
1 > Content-Type: application/json; charset=UTF-8
1 > Content-Length: 93
1 > Host: temple-api.local
1 > Connection: Keep-Alive
1 > User-Agent: Apache-HttpClient/4.5.14 (Java/21.0.6)
1 > Accept-Encoding: gzip,deflate
{"data":{"users_permissions_user":42,"name":"Business_76dea32e-62c4-4b28-ad1c-63882a6d6582"}}

18:09:54.036 [main] DEBUG org.apache.http.impl.conn.PoolingHttpClientConnectionManager -- Connection request: [route: {}->http://temple-api.local:80][total available: 0; route allocated: 0 of 5; total allocated: 0 of 10]
18:09:54.036 [main] DEBUG org.apache.http.impl.conn.PoolingHttpClientConnectionManager -- Connection leased: [id: 2][route: {}->http://temple-api.local:80][total available: 0; route allocated: 1 of 5; total allocated: 1 of 10]
18:09:54.036 [main] DEBUG org.apache.http.impl.execchain.MainClientExec -- Opening connection {}->http://temple-api.local:80
18:09:54.037 [main] DEBUG org.apache.http.impl.conn.DefaultHttpClientConnectionOperator -- Connecting to temple-api.local/127.0.0.1:80
18:09:54.037 [main] DEBUG org.apache.http.impl.conn.DefaultHttpClientConnectionOperator -- Connection established 127.0.0.1:58874<->127.0.0.1:80
18:09:54.037 [main] DEBUG org.apache.http.impl.conn.DefaultManagedHttpClientConnection -- http-outgoing-2: set socket timeout to 30000
18:09:54.037 [main] DEBUG org.apache.http.impl.execchain.MainClientExec -- Executing request POST /api/businesses HTTP/1.1
18:09:54.037 [main] DEBUG org.apache.http.impl.execchain.MainClientExec -- Proxy auth state: UNCHALLENGED
18:09:54.037 [main] DEBUG org.apache.http.headers -- http-outgoing-2 >> POST /api/businesses HTTP/1.1
18:09:54.037 [main] DEBUG org.apache.http.headers -- http-outgoing-2 >> Authorization: Bearer eyJhbGciOiJIUzI1NiIsInR5cCI6IkpXVCJ9.eyJpZCI6NDIsImlhdCI6MTc2MDc5MTE5MywiZXhwIjoxNzYzMzgzMTkzfQ.SOizPUblIMSZhugqYnqgfo9O4pRFa7smBS7nslA0_m0
18:09:54.037 [main] DEBUG org.apache.http.headers -- http-outgoing-2 >> Content-Type: application/json; charset=UTF-8
18:09:54.037 [main] DEBUG org.apache.http.headers -- http-outgoing-2 >> Content-Length: 93
18:09:54.037 [main] DEBUG org.apache.http.headers -- http-outgoing-2 >> Host: temple-api.local
18:09:54.037 [main] DEBUG org.apache.http.headers -- http-outgoing-2 >> Connection: Keep-Alive
18:09:54.037 [main] DEBUG org.apache.http.headers -- http-outgoing-2 >> User-Agent: Apache-HttpClient/4.5.14 (Java/21.0.6)
18:09:54.037 [main] DEBUG org.apache.http.headers -- http-outgoing-2 >> Accept-Encoding: gzip,deflate
18:09:54.037 [main] DEBUG org.apache.http.wire -- http-outgoing-2 >> "POST /api/businesses HTTP/1.1[\r][\n]"
18:09:54.037 [main] DEBUG org.apache.http.wire -- http-outgoing-2 >> "Authorization: Bearer eyJhbGciOiJIUzI1NiIsInR5cCI6IkpXVCJ9.eyJpZCI6NDIsImlhdCI6MTc2MDc5MTE5MywiZXhwIjoxNzYzMzgzMTkzfQ.SOizPUblIMSZhugqYnqgfo9O4pRFa7smBS7nslA0_m0[\r][\n]"
18:09:54.037 [main] DEBUG org.apache.http.wire -- http-outgoing-2 >> "Content-Type: application/json; charset=UTF-8[\r][\n]"
18:09:54.037 [main] DEBUG org.apache.http.wire -- http-outgoing-2 >> "Content-Length: 93[\r][\n]"
18:09:54.038 [main] DEBUG org.apache.http.wire -- http-outgoing-2 >> "Host: temple-api.local[\r][\n]"
18:09:54.038 [main] DEBUG org.apache.http.wire -- http-outgoing-2 >> "Connection: Keep-Alive[\r][\n]"
18:09:54.038 [main] DEBUG org.apache.http.wire -- http-outgoing-2 >> "User-Agent: Apache-HttpClient/4.5.14 (Java/21.0.6)[\r][\n]"
18:09:54.038 [main] DEBUG org.apache.http.wire -- http-outgoing-2 >> "Accept-Encoding: gzip,deflate[\r][\n]"
18:09:54.038 [main] DEBUG org.apache.http.wire -- http-outgoing-2 >> "[\r][\n]"
18:09:54.038 [main] DEBUG org.apache.http.wire -- http-outgoing-2 >> "{"data":{"users_permissions_user":42,"name":"Business_76dea32e-62c4-4b28-ad1c-63882a6d6582"}}"
18:09:54.105 [main] DEBUG org.apache.http.wire -- http-outgoing-2 << "HTTP/1.1 200 OK[\r][\n]"
18:09:54.105 [main] DEBUG org.apache.http.wire -- http-outgoing-2 << "Date: Sat, 18 Oct 2025 12:39:54 GMT[\r][\n]"
18:09:54.105 [main] DEBUG org.apache.http.wire -- http-outgoing-2 << "Content-Type: application/json; charset=utf-8[\r][\n]"
18:09:54.105 [main] DEBUG org.apache.http.wire -- http-outgoing-2 << "Content-Length: 560[\r][\n]"
18:09:54.105 [main] DEBUG org.apache.http.wire -- http-outgoing-2 << "Connection: keep-alive[\r][\n]"
18:09:54.105 [main] DEBUG org.apache.http.wire -- http-outgoing-2 << "content-security-policy: connect-src 'self' https:;img-src 'self' data: blob: dl.airtable.com yourBucketName.s3.yourRegion.amazonaws.com;media-src 'self' data: blob: dl.airtable.com yourBucketName.s3.yourRegion.amazonaws.com;default-src 'self';base-uri 'self';block-all-mixed-content;font-src 'self' https: data:;frame-ancestors 'self';object-src 'none';script-src 'self';script-src-attr 'none';style-src 'self' https: 'unsafe-inline'[\r][\n]"
18:09:54.105 [main] DEBUG org.apache.http.wire -- http-outgoing-2 << "x-dns-prefetch-control: off[\r][\n]"
18:09:54.105 [main] DEBUG org.apache.http.wire -- http-outgoing-2 << "expect-ct: max-age=0[\r][\n]"
18:09:54.105 [main] DEBUG org.apache.http.wire -- http-outgoing-2 << "x-frame-options: SAMEORIGIN[\r][\n]"
18:09:54.105 [main] DEBUG org.apache.http.wire -- http-outgoing-2 << "strict-transport-security: max-age=31536000; includeSubDomains[\r][\n]"
18:09:54.105 [main] DEBUG org.apache.http.wire -- http-outgoing-2 << "x-download-options: noopen[\r][\n]"
18:09:54.105 [main] DEBUG org.apache.http.wire -- http-outgoing-2 << "x-content-type-options: nosniff[\r][\n]"
18:09:54.105 [main] DEBUG org.apache.http.wire -- http-outgoing-2 << "x-permitted-cross-domain-policies: none[\r][\n]"
18:09:54.105 [main] DEBUG org.apache.http.wire -- http-outgoing-2 << "referrer-policy: no-referrer[\r][\n]"
18:09:54.105 [main] DEBUG org.apache.http.wire -- http-outgoing-2 << "vary: Origin[\r][\n]"
18:09:54.106 [main] DEBUG org.apache.http.wire -- http-outgoing-2 << "x-powered-by: Strapi <strapi.io>[\r][\n]"
18:09:54.106 [main] DEBUG org.apache.http.wire -- http-outgoing-2 << "x-envoy-upstream-service-time: 64[\r][\n]"
18:09:54.106 [main] DEBUG org.apache.http.wire -- http-outgoing-2 << "x-envoy-decorator-operation: temple-api-service.dev.svc.cluster.local:1337/*[\r][\n]"
18:09:54.106 [main] DEBUG org.apache.http.wire -- http-outgoing-2 << "[\r][\n]"
18:09:54.106 [main] DEBUG org.apache.http.wire -- http-outgoing-2 << "{"data":{"id":3,"attributes":{"name":"Business_76dea32e-62c4-4b28-ad1c-63882a6d6582","role":null,"domain":null,"subdomain":null,"is_registered":null,"start_date":null,"end_date":null,"is_current":null,"ownership_share":null,"employee_count":null,"websiteurl":null,"is_website":null,"social_links":null,"description":null,"type":null,"subtype":null,"category":null,"subcategory":null,"mobile_number_1":null,"mobile_number_2":null,"mobile_number_3":null,"businessid":null,"createdAt":"2025-10-18T12:39:54.094Z","updatedAt":"2025-10-18T12:39:54.094Z"}},"meta":{}}"
18:09:54.106 [main] DEBUG org.apache.http.headers -- http-outgoing-2 << HTTP/1.1 200 OK
18:09:54.106 [main] DEBUG org.apache.http.headers -- http-outgoing-2 << Date: Sat, 18 Oct 2025 12:39:54 GMT
18:09:54.106 [main] DEBUG org.apache.http.headers -- http-outgoing-2 << Content-Type: application/json; charset=utf-8
18:09:54.106 [main] DEBUG org.apache.http.headers -- http-outgoing-2 << Content-Length: 560
18:09:54.106 [main] DEBUG org.apache.http.headers -- http-outgoing-2 << Connection: keep-alive
18:09:54.106 [main] DEBUG org.apache.http.headers -- http-outgoing-2 << content-security-policy: connect-src 'self' https:;img-src 'self' data: blob: dl.airtable.com yourBucketName.s3.yourRegion.amazonaws.com;media-src 'self' data: blob: dl.airtable.com yourBucketName.s3.yourRegion.amazonaws.com;default-src 'self';base-uri 'self';block-all-mixed-content;font-src 'self' https: data:;frame-ancestors 'self';object-src 'none';script-src 'self';script-src-attr 'none';style-src 'self' https: 'unsafe-inline'
18:09:54.106 [main] DEBUG org.apache.http.headers -- http-outgoing-2 << x-dns-prefetch-control: off
18:09:54.106 [main] DEBUG org.apache.http.headers -- http-outgoing-2 << expect-ct: max-age=0
18:09:54.106 [main] DEBUG org.apache.http.headers -- http-outgoing-2 << x-frame-options: SAMEORIGIN
18:09:54.106 [main] DEBUG org.apache.http.headers -- http-outgoing-2 << strict-transport-security: max-age=31536000; includeSubDomains
18:09:54.106 [main] DEBUG org.apache.http.headers -- http-outgoing-2 << x-download-options: noopen
18:09:54.106 [main] DEBUG org.apache.http.headers -- http-outgoing-2 << x-content-type-options: nosniff
18:09:54.106 [main] DEBUG org.apache.http.headers -- http-outgoing-2 << x-permitted-cross-domain-policies: none
18:09:54.106 [main] DEBUG org.apache.http.headers -- http-outgoing-2 << referrer-policy: no-referrer
18:09:54.106 [main] DEBUG org.apache.http.headers -- http-outgoing-2 << vary: Origin
18:09:54.106 [main] DEBUG org.apache.http.headers -- http-outgoing-2 << x-powered-by: Strapi <strapi.io>
18:09:54.106 [main] DEBUG org.apache.http.headers -- http-outgoing-2 << x-envoy-upstream-service-time: 64
18:09:54.106 [main] DEBUG org.apache.http.headers -- http-outgoing-2 << x-envoy-decorator-operation: temple-api-service.dev.svc.cluster.local:1337/*
18:09:54.106 [main] DEBUG org.apache.http.impl.execchain.MainClientExec -- Connection can be kept alive indefinitely
18:09:54.107 [main] DEBUG org.apache.http.impl.conn.PoolingHttpClientConnectionManager -- Connection [id: 2][route: {}->http://temple-api.local:80] can be kept alive indefinitely
18:09:54.107 [main] DEBUG org.apache.http.impl.conn.DefaultManagedHttpClientConnection -- http-outgoing-2: set socket timeout to 0
18:09:54.107 [main] DEBUG org.apache.http.impl.conn.PoolingHttpClientConnectionManager -- Connection released: [id: 2][route: {}->http://temple-api.local:80][total available: 1; route allocated: 1 of 5; total allocated: 1 of 10]
18:09:54.107 [main] DEBUG org.apache.http.impl.conn.PoolingHttpClientConnectionManager -- Connection manager is shutting down
18:09:54.107 [main] DEBUG org.apache.http.impl.conn.DefaultManagedHttpClientConnection -- http-outgoing-2: Close connection
18:09:54.107 [main] DEBUG org.apache.http.impl.conn.PoolingHttpClientConnectionManager -- Connection manager shut down
18:09:54.107 [main] DEBUG com.intuit.karate -- response time in milliseconds: 71
1 < 200
1 < Date: Sat, 18 Oct 2025 12:39:54 GMT
1 < Content-Type: application/json; charset=utf-8
1 < Content-Length: 560
1 < Connection: keep-alive
1 < content-security-policy: connect-src 'self' https:;img-src 'self' data: blob: dl.airtable.com yourBucketName.s3.yourRegion.amazonaws.com;media-src 'self' data: blob: dl.airtable.com yourBucketName.s3.yourRegion.amazonaws.com;default-src 'self';base-uri 'self';block-all-mixed-content;font-src 'self' https: data:;frame-ancestors 'self';object-src 'none';script-src 'self';script-src-attr 'none';style-src 'self' https: 'unsafe-inline'
1 < x-dns-prefetch-control: off
1 < expect-ct: max-age=0
1 < x-frame-options: SAMEORIGIN
1 < strict-transport-security: max-age=31536000; includeSubDomains
1 < x-download-options: noopen
1 < x-content-type-options: nosniff
1 < x-permitted-cross-domain-policies: none
1 < referrer-policy: no-referrer
1 < vary: Origin
1 < x-powered-by: Strapi <strapi.io>
1 < x-envoy-upstream-service-time: 64
1 < x-envoy-decorator-operation: temple-api-service.dev.svc.cluster.local:1337/*
{"data":{"id":3,"attributes":{"name":"Business_76dea32e-62c4-4b28-ad1c-63882a6d6582","role":null,"domain":null,"subdomain":null,"is_registered":null,"start_date":null,"end_date":null,"is_current":null,"ownership_share":null,"employee_count":null,"websiteurl":null,"is_website":null,"social_links":null,"description":null,"type":null,"subtype":null,"category":null,"subcategory":null,"mobile_number_1":null,"mobile_number_2":null,"mobile_number_3":null,"businessid":null,"createdAt":"2025-10-18T12:39:54.094Z","updatedAt":"2025-10-18T12:39:54.094Z"}},"meta":{}}

18:09:54.109 [main] INFO com.intuit.karate -- [print] ✅ Business created successfully: {
  "data": {
    "id": 3,
    "attributes": {
      "name": "Business_76dea32e-62c4-4b28-ad1c-63882a6d6582",
      "role": null,
      "domain": null,
      "subdomain": null,
      "is_registered": null,
      "start_date": null,
      "end_date": null,
      "is_current": null,
      "ownership_share": null,
      "employee_count": null,
      "websiteurl": null,
      "is_website": null,
      "social_links": null,
      "description": null,
      "type": null,
      "subtype": null,
      "category": null,
      "subcategory": null,
      "mobile_number_1": null,
      "mobile_number_2": null,
      "mobile_number_3": null,
      "businessid": null,
      "createdAt": "2025-10-18T12:39:54.094Z",
      "updatedAt": "2025-10-18T12:39:54.094Z"
    }
  },
  "meta": {
  }
}
 
18:09:54.110 [main] DEBUG com.jayway.jsonpath.internal.path.CompiledPath -- Evaluating path: $['data']['attributes']['name']
18:09:54.111 [main] DEBUG com.jayway.jsonpath.internal.path.CompiledPath -- Evaluating path: $
18:09:54.116 [main] DEBUG com.jayway.jsonpath.internal.path.CompiledPath -- Evaluating path: $
18:09:54.149 [main] DEBUG org.thymeleaf.TemplateEngine -- [THYMELEAF] INITIALIZING TEMPLATE ENGINE
18:09:54.270 [main] DEBUG org.thymeleaf.TemplateEngine.CONFIG -- Initializing Thymeleaf Template engine configuration...
[THYMELEAF] TEMPLATE ENGINE CONFIGURATION:
[THYMELEAF] * Thymeleaf version: 3.1.2.RELEASE (built 2023-07-30T19:25:50+0000)
[THYMELEAF] * Cache Manager implementation: org.thymeleaf.cache.StandardCacheManager
[THYMELEAF] * Template resolvers:
[THYMELEAF]     * [1] com.intuit.karate.template.ResourceHtmlTemplateResolver
[THYMELEAF] * Message resolvers:
[THYMELEAF]     * org.thymeleaf.messageresolver.StandardMessageResolver
[THYMELEAF] * Link builders:
[THYMELEAF]     * org.thymeleaf.linkbuilder.StandardLinkBuilder
[THYMELEAF] * Dialect [1 of 2]: Standard (com.intuit.karate.template.KarateStandardDialect)
[THYMELEAF]     * Prefix: "th"
[THYMELEAF]     * Processors for Template Mode: HTML
[THYMELEAF]         * Element Tag Processors by [matching element and attribute name] [precedence]:
[THYMELEAF]             * [* {th:include,data-th-include}] [100]: org.thymeleaf.standard.processor.StandardIncludeTagProcessor
[THYMELEAF]             * [* {th:insert,data-th-insert}] [100]: org.thymeleaf.standard.processor.StandardInsertTagProcessor
[THYMELEAF]             * [* {th:replace,data-th-replace}] [100]: org.thymeleaf.standard.processor.StandardReplaceTagProcessor
[THYMELEAF]             * [* {th:each,data-th-each}] [200]: com.intuit.karate.template.KarateEachTagProcessor
[THYMELEAF]             * [* {th:switch,data-th-switch}] [250]: org.thymeleaf.standard.processor.StandardSwitchTagProcessor
[THYMELEAF]             * [* {th:case,data-th-case}] [275]: org.thymeleaf.standard.processor.StandardCaseTagProcessor
[THYMELEAF]             * [* {th:if,data-th-if}] [300]: org.thymeleaf.standard.processor.StandardIfTagProcessor
[THYMELEAF]             * [* {th:unless,data-th-unless}] [400]: org.thymeleaf.standard.processor.StandardUnlessTagProcessor
[THYMELEAF]             * [* {th:object,data-th-object}] [500]: org.thymeleaf.standard.processor.StandardObjectTagProcessor
[THYMELEAF]             * [* {th:with,data-th-with}] [600]: com.intuit.karate.template.KarateWithTagProcessor
[THYMELEAF]             * [* {th:attr,data-th-attr}] [700]: com.intuit.karate.template.KarateAttributeTagProcessor.KarateAttrTagProcessor
[THYMELEAF]             * [* {th:attrappend,data-th-attrappend}] [900]: com.intuit.karate.template.KarateAttributeTagProcessor.KarateAttrappendTagProcessor
[THYMELEAF]             * [* {th:attrprepend,data-th-attrprepend}] [900]: com.intuit.karate.template.KarateAttributeTagProcessor.KarateAttrprependTagProcessor
[THYMELEAF]             * [* {th:alt-title,data-th-alt-title}] [990]: org.thymeleaf.standard.processor.StandardAltTitleTagProcessor
[THYMELEAF]             * [* {th:lang-xmllang,data-th-lang-xmllang}] [990]: org.thymeleaf.standard.processor.StandardLangXmlLangTagProcessor
[THYMELEAF]             * [* {th:action,data-th-action}] [1000]: org.thymeleaf.standard.processor.StandardActionTagProcessor
[THYMELEAF]             * [* {th:readonly,data-th-readonly}] [1000]: org.thymeleaf.standard.processor.StandardConditionalFixedValueTagProcessor
[THYMELEAF]             * [* {th:declare,data-th-declare}] [1000]: org.thymeleaf.standard.processor.StandardConditionalFixedValueTagProcessor
[THYMELEAF]             * [* {th:async,data-th-async}] [1000]: org.thymeleaf.standard.processor.StandardConditionalFixedValueTagProcessor
[THYMELEAF]             * [* {th:defer,data-th-defer}] [1000]: org.thymeleaf.standard.processor.StandardConditionalFixedValueTagProcessor
[THYMELEAF]             * [* {th:seamless,data-th-seamless}] [1000]: org.thymeleaf.standard.processor.StandardConditionalFixedValueTagProcessor
[THYMELEAF]             * [* {th:reversed,data-th-reversed}] [1000]: org.thymeleaf.standard.processor.StandardConditionalFixedValueTagProcessor
[THYMELEAF]             * [* {th:loop,data-th-loop}] [1000]: org.thymeleaf.standard.processor.StandardConditionalFixedValueTagProcessor
[THYMELEAF]             * [* {th:scoped,data-th-scoped}] [1000]: org.thymeleaf.standard.processor.StandardConditionalFixedValueTagProcessor
[THYMELEAF]             * [* {th:multiple,data-th-multiple}] [1000]: org.thymeleaf.standard.processor.StandardConditionalFixedValueTagProcessor
[THYMELEAF]             * [* {th:default,data-th-default}] [1000]: org.thymeleaf.standard.processor.StandardConditionalFixedValueTagProcessor
[THYMELEAF]             * [* {th:required,data-th-required}] [1000]: org.thymeleaf.standard.processor.StandardConditionalFixedValueTagProcessor
[THYMELEAF]             * [* {th:ismap,data-th-ismap}] [1000]: org.thymeleaf.standard.processor.StandardConditionalFixedValueTagProcessor
[THYMELEAF]             * [* {th:autoplay,data-th-autoplay}] [1000]: org.thymeleaf.standard.processor.StandardConditionalFixedValueTagProcessor
[THYMELEAF]             * [* {th:checked,data-th-checked}] [1000]: org.thymeleaf.standard.processor.StandardConditionalFixedValueTagProcessor
[THYMELEAF]             * [* {th:controls,data-th-controls}] [1000]: org.thymeleaf.standard.processor.StandardConditionalFixedValueTagProcessor
[THYMELEAF]             * [* {th:selected,data-th-selected}] [1000]: org.thymeleaf.standard.processor.StandardConditionalFixedValueTagProcessor
[THYMELEAF]             * [* {th:formnovalidate,data-th-formnovalidate}] [1000]: org.thymeleaf.standard.processor.StandardConditionalFixedValueTagProcessor
[THYMELEAF]             * [* {th:pubdate,data-th-pubdate}] [1000]: org.thymeleaf.standard.processor.StandardConditionalFixedValueTagProcessor
[THYMELEAF]             * [* {th:disabled,data-th-disabled}] [1000]: org.thymeleaf.standard.processor.StandardConditionalFixedValueTagProcessor
[THYMELEAF]             * [* {th:nowrap,data-th-nowrap}] [1000]: org.thymeleaf.standard.processor.StandardConditionalFixedValueTagProcessor
[THYMELEAF]             * [* {th:novalidate,data-th-novalidate}] [1000]: org.thymeleaf.standard.processor.StandardConditionalFixedValueTagProcessor
[THYMELEAF]             * [* {th:autofocus,data-th-autofocus}] [1000]: org.thymeleaf.standard.processor.StandardConditionalFixedValueTagProcessor
[THYMELEAF]             * [* {th:hidden,data-th-hidden}] [1000]: org.thymeleaf.standard.processor.StandardConditionalFixedValueTagProcessor
[THYMELEAF]             * [* {th:open,data-th-open}] [1000]: org.thymeleaf.standard.processor.StandardConditionalFixedValueTagProcessor
[THYMELEAF]             * [* {th:onfocus,data-th-onfocus}] [1000]: org.thymeleaf.standard.processor.StandardDOMEventAttributeTagProcessor
[THYMELEAF]             * [* {th:ondrag,data-th-ondrag}] [1000]: org.thymeleaf.standard.processor.StandardDOMEventAttributeTagProcessor
[THYMELEAF]             * [* {th:onmousedown,data-th-onmousedown}] [1000]: org.thymeleaf.standard.processor.StandardDOMEventAttributeTagProcessor
[THYMELEAF]             * [* {th:onratechange,data-th-onratechange}] [1000]: org.thymeleaf.standard.processor.StandardDOMEventAttributeTagProcessor
[THYMELEAF]             * [* {th:onbeforeunload,data-th-onbeforeunload}] [1000]: org.thymeleaf.standard.processor.StandardDOMEventAttributeTagProcessor
[THYMELEAF]             * [* {th:onblur,data-th-onblur}] [1000]: org.thymeleaf.standard.processor.StandardDOMEventAttributeTagProcessor
[THYMELEAF]             * [* {th:onloadeddata,data-th-onloadeddata}] [1000]: org.thymeleaf.standard.processor.StandardDOMEventAttributeTagProcessor
[THYMELEAF]             * [* {th:onformchange,data-th-onformchange}] [1000]: org.thymeleaf.standard.processor.StandardDOMEventAttributeTagProcessor
[THYMELEAF]             * [* {th:onforminput,data-th-onforminput}] [1000]: org.thymeleaf.standard.processor.StandardDOMEventAttributeTagProcessor
[THYMELEAF]             * [* {th:oncanplaythrough,data-th-oncanplaythrough}] [1000]: org.thymeleaf.standard.processor.StandardDOMEventAttributeTagProcessor
[THYMELEAF]             * [* {th:ondragend,data-th-ondragend}] [1000]: org.thymeleaf.standard.processor.StandardDOMEventAttributeTagProcessor
[THYMELEAF]             * [* {th:onafterprint,data-th-onafterprint}] [1000]: org.thymeleaf.standard.processor.StandardDOMEventAttributeTagProcessor
[THYMELEAF]             * [* {th:onmousemove,data-th-onmousemove}] [1000]: org.thymeleaf.standard.processor.StandardDOMEventAttributeTagProcessor
[THYMELEAF]             * [* {th:ondurationchange,data-th-ondurationchange}] [1000]: org.thymeleaf.standard.processor.StandardDOMEventAttributeTagProcessor
[THYMELEAF]             * [* {th:ondragover,data-th-ondragover}] [1000]: org.thymeleaf.standard.processor.StandardDOMEventAttributeTagProcessor
[THYMELEAF]             * [* {th:onmouseup,data-th-onmouseup}] [1000]: org.thymeleaf.standard.processor.StandardDOMEventAttributeTagProcessor
[THYMELEAF]             * [* {th:onabort,data-th-onabort}] [1000]: org.thymeleaf.standard.processor.StandardDOMEventAttributeTagProcessor
[THYMELEAF]             * [* {th:onplaying,data-th-onplaying}] [1000]: org.thymeleaf.standard.processor.StandardDOMEventAttributeTagProcessor
[THYMELEAF]             * [* {th:ondrop,data-th-ondrop}] [1000]: org.thymeleaf.standard.processor.StandardDOMEventAttributeTagProcessor
[THYMELEAF]             * [* {th:onclick,data-th-onclick}] [1000]: org.thymeleaf.standard.processor.StandardDOMEventAttributeTagProcessor
[THYMELEAF]             * [* {th:onpause,data-th-onpause}] [1000]: org.thymeleaf.standard.processor.StandardDOMEventAttributeTagProcessor
[THYMELEAF]             * [* {th:ondragenter,data-th-ondragenter}] [1000]: org.thymeleaf.standard.processor.StandardDOMEventAttributeTagProcessor
[THYMELEAF]             * [* {th:onundo,data-th-onundo}] [1000]: org.thymeleaf.standard.processor.StandardDOMEventAttributeTagProcessor
[THYMELEAF]             * [* {th:oninput,data-th-oninput}] [1000]: org.thymeleaf.standard.processor.StandardDOMEventAttributeTagProcessor
[THYMELEAF]             * [* {th:onended,data-th-onended}] [1000]: org.thymeleaf.standard.processor.StandardDOMEventAttributeTagProcessor
[THYMELEAF]             * [* {th:onloadstart,data-th-onloadstart}] [1000]: org.thymeleaf.standard.processor.StandardDOMEventAttributeTagProcessor
[THYMELEAF]             * [* {th:onreadystatechange,data-th-onreadystatechange}] [1000]: org.thymeleaf.standard.processor.StandardDOMEventAttributeTagProcessor
[THYMELEAF]             * [* {th:onkeypress,data-th-onkeypress}] [1000]: org.thymeleaf.standard.processor.StandardDOMEventAttributeTagProcessor
[THYMELEAF]             * [* {th:onresize,data-th-onresize}] [1000]: org.thymeleaf.standard.processor.StandardDOMEventAttributeTagProcessor
[THYMELEAF]             * [* {th:onmousewheel,data-th-onmousewheel}] [1000]: org.thymeleaf.standard.processor.StandardDOMEventAttributeTagProcessor
[THYMELEAF]             * [* {th:ondragleave,data-th-ondragleave}] [1000]: org.thymeleaf.standard.processor.StandardDOMEventAttributeTagProcessor
[THYMELEAF]             * [* {th:onoffline,data-th-onoffline}] [1000]: org.thymeleaf.standard.processor.StandardDOMEventAttributeTagProcessor
[THYMELEAF]             * [* {th:oncontextmenu,data-th-oncontextmenu}] [1000]: org.thymeleaf.standard.processor.StandardDOMEventAttributeTagProcessor
[THYMELEAF]             * [* {th:onunload,data-th-onunload}] [1000]: org.thymeleaf.standard.processor.StandardDOMEventAttributeTagProcessor
[THYMELEAF]             * [* {th:ondragstart,data-th-ondragstart}] [1000]: org.thymeleaf.standard.processor.StandardDOMEventAttributeTagProcessor
[THYMELEAF]             * [* {th:ontimeupdate,data-th-ontimeupdate}] [1000]: org.thymeleaf.standard.processor.StandardDOMEventAttributeTagProcessor
[THYMELEAF]             * [* {th:onwaiting,data-th-onwaiting}] [1000]: org.thymeleaf.standard.processor.StandardDOMEventAttributeTagProcessor
[THYMELEAF]             * [* {th:onloadedmetadata,data-th-onloadedmetadata}] [1000]: org.thymeleaf.standard.processor.StandardDOMEventAttributeTagProcessor
[THYMELEAF]             * [* {th:onmessage,data-th-onmessage}] [1000]: org.thymeleaf.standard.processor.StandardDOMEventAttributeTagProcessor
[THYMELEAF]             * [* {th:oninvalid,data-th-oninvalid}] [1000]: org.thymeleaf.standard.processor.StandardDOMEventAttributeTagProcessor
[THYMELEAF]             * [* {th:ononline,data-th-ononline}] [1000]: org.thymeleaf.standard.processor.StandardDOMEventAttributeTagProcessor
[THYMELEAF]             * [* {th:onscroll,data-th-onscroll}] [1000]: org.thymeleaf.standard.processor.StandardDOMEventAttributeTagProcessor
[THYMELEAF]             * [* {th:onchange,data-th-onchange}] [1000]: org.thymeleaf.standard.processor.StandardDOMEventAttributeTagProcessor
[THYMELEAF]             * [* {th:onpopstate,data-th-onpopstate}] [1000]: org.thymeleaf.standard.processor.StandardDOMEventAttributeTagProcessor
[THYMELEAF]             * [* {th:onmouseover,data-th-onmouseover}] [1000]: org.thymeleaf.standard.processor.StandardDOMEventAttributeTagProcessor
[THYMELEAF]             * [* {th:onerror,data-th-onerror}] [1000]: org.thymeleaf.standard.processor.StandardDOMEventAttributeTagProcessor
[THYMELEAF]             * [* {th:onprogress,data-th-onprogress}] [1000]: org.thymeleaf.standard.processor.StandardDOMEventAttributeTagProcessor
[THYMELEAF]             * [* {th:onreset,data-th-onreset}] [1000]: org.thymeleaf.standard.processor.StandardDOMEventAttributeTagProcessor
[THYMELEAF]             * [* {th:onhashchange,data-th-onhashchange}] [1000]: org.thymeleaf.standard.processor.StandardDOMEventAttributeTagProcessor
[THYMELEAF]             * [* {th:onstorage,data-th-onstorage}] [1000]: org.thymeleaf.standard.processor.StandardDOMEventAttributeTagProcessor
[THYMELEAF]             * [* {th:onselect,data-th-onselect}] [1000]: org.thymeleaf.standard.processor.StandardDOMEventAttributeTagProcessor
[THYMELEAF]             * [* {th:onseeked,data-th-onseeked}] [1000]: org.thymeleaf.standard.processor.StandardDOMEventAttributeTagProcessor
[THYMELEAF]             * [* {th:onload,data-th-onload}] [1000]: org.thymeleaf.standard.processor.StandardDOMEventAttributeTagProcessor
[THYMELEAF]             * [* {th:onvolumechange,data-th-onvolumechange}] [1000]: org.thymeleaf.standard.processor.StandardDOMEventAttributeTagProcessor
[THYMELEAF]             * [* {th:ondblclick,data-th-ondblclick}] [1000]: org.thymeleaf.standard.processor.StandardDOMEventAttributeTagProcessor
[THYMELEAF]             * [* {th:onkeydown,data-th-onkeydown}] [1000]: org.thymeleaf.standard.processor.StandardDOMEventAttributeTagProcessor
[THYMELEAF]             * [* {th:onplay,data-th-onplay}] [1000]: org.thymeleaf.standard.processor.StandardDOMEventAttributeTagProcessor
[THYMELEAF]             * [* {th:onseeking,data-th-onseeking}] [1000]: org.thymeleaf.standard.processor.StandardDOMEventAttributeTagProcessor
[THYMELEAF]             * [* {th:onmouseout,data-th-onmouseout}] [1000]: org.thymeleaf.standard.processor.StandardDOMEventAttributeTagProcessor
[THYMELEAF]             * [* {th:onsubmit,data-th-onsubmit}] [1000]: org.thymeleaf.standard.processor.StandardDOMEventAttributeTagProcessor
[THYMELEAF]             * [* {th:onstalled,data-th-onstalled}] [1000]: org.thymeleaf.standard.processor.StandardDOMEventAttributeTagProcessor
[THYMELEAF]             * [* {th:onbeforeprint,data-th-onbeforeprint}] [1000]: org.thymeleaf.standard.processor.StandardDOMEventAttributeTagProcessor
[THYMELEAF]             * [* {th:onshow,data-th-onshow}] [1000]: org.thymeleaf.standard.processor.StandardDOMEventAttributeTagProcessor
[THYMELEAF]             * [* {th:oncanplay,data-th-oncanplay}] [1000]: org.thymeleaf.standard.processor.StandardDOMEventAttributeTagProcessor
[THYMELEAF]             * [* {th:onsuspend,data-th-onsuspend}] [1000]: org.thymeleaf.standard.processor.StandardDOMEventAttributeTagProcessor
[THYMELEAF]             * [* {th:onemptied,data-th-onemptied}] [1000]: org.thymeleaf.standard.processor.StandardDOMEventAttributeTagProcessor
[THYMELEAF]             * [* {th:onkeyup,data-th-onkeyup}] [1000]: org.thymeleaf.standard.processor.StandardDOMEventAttributeTagProcessor
[THYMELEAF]             * [* {th:onredo,data-th-onredo}] [1000]: org.thymeleaf.standard.processor.StandardDOMEventAttributeTagProcessor
[THYMELEAF]             * [* {th:href,data-th-href}] [1000]: org.thymeleaf.standard.processor.StandardHrefTagProcessor
[THYMELEAF]             * [* {th:inline,data-th-inline}] [1000]: org.thymeleaf.standard.processor.StandardInlineHTMLTagProcessor
[THYMELEAF]             * [* {th:method,data-th-method}] [1000]: org.thymeleaf.standard.processor.StandardMethodTagProcessor
[THYMELEAF]             * [* {th:name,data-th-name}] [1000]: org.thymeleaf.standard.processor.StandardNonRemovableAttributeTagProcessor
[THYMELEAF]             * [* {th:type,data-th-type}] [1000]: org.thymeleaf.standard.processor.StandardNonRemovableAttributeTagProcessor
[THYMELEAF]             * [* {th:frame,data-th-frame}] [1000]: org.thymeleaf.standard.processor.StandardRemovableAttributeTagProcessor
[THYMELEAF]             * [* {th:step,data-th-step}] [1000]: org.thymeleaf.standard.processor.StandardRemovableAttributeTagProcessor
[THYMELEAF]             * [* {th:contextmenu,data-th-contextmenu}] [1000]: org.thymeleaf.standard.processor.StandardRemovableAttributeTagProcessor
[THYMELEAF]             * [* {th:rules,data-th-rules}] [1000]: org.thymeleaf.standard.processor.StandardRemovableAttributeTagProcessor
[THYMELEAF]             * [* {th:pattern,data-th-pattern}] [1000]: org.thymeleaf.standard.processor.StandardRemovableAttributeTagProcessor
[THYMELEAF]             * [* {th:span,data-th-span}] [1000]: org.thymeleaf.standard.processor.StandardRemovableAttributeTagProcessor
[THYMELEAF]             * [* {th:kind,data-th-kind}] [1000]: org.thymeleaf.standard.processor.StandardRemovableAttributeTagProcessor
[THYMELEAF]             * [* {th:sizes,data-th-sizes}] [1000]: org.thymeleaf.standard.processor.StandardRemovableAttributeTagProcessor
[THYMELEAF]             * [* {th:http-equiv,data-th-http-equiv}] [1000]: org.thymeleaf.standard.processor.StandardRemovableAttributeTagProcessor
[THYMELEAF]             * [* {th:formenctype,data-th-formenctype}] [1000]: org.thymeleaf.standard.processor.StandardRemovableAttributeTagProcessor
[THYMELEAF]             * [* {th:enctype,data-th-enctype}] [1000]: org.thymeleaf.standard.processor.StandardRemovableAttributeTagProcessor
[THYMELEAF]             * [* {th:rel,data-th-rel}] [1000]: org.thymeleaf.standard.processor.StandardRemovableAttributeTagProcessor
[THYMELEAF]             * [* {th:vspace,data-th-vspace}] [1000]: org.thymeleaf.standard.processor.StandardRemovableAttributeTagProcessor
[THYMELEAF]             * [* {th:radiogroup,data-th-radiogroup}] [1000]: org.thymeleaf.standard.processor.StandardRemovableAttributeTagProcessor
[THYMELEAF]             * [* {th:label,data-th-label}] [1000]: org.thymeleaf.standard.processor.StandardRemovableAttributeTagProcessor
[THYMELEAF]             * [* {th:longdesc,data-th-longdesc}] [1000]: org.thymeleaf.standard.processor.StandardRemovableAttributeTagProcessor
[THYMELEAF]             * [* {th:summary,data-th-summary}] [1000]: org.thymeleaf.standard.processor.StandardRemovableAttributeTagProcessor
[THYMELEAF]             * [* {th:keytype,data-th-keytype}] [1000]: org.thymeleaf.standard.processor.StandardRemovableAttributeTagProcessor
[THYMELEAF]             * [* {th:content,data-th-content}] [1000]: org.thymeleaf.standard.processor.StandardRemovableAttributeTagProcessor
[THYMELEAF]             * [* {th:formmethod,data-th-formmethod}] [1000]: org.thymeleaf.standard.processor.StandardRemovableAttributeTagProcessor
[THYMELEAF]             * [* {th:standby,data-th-standby}] [1000]: org.thymeleaf.standard.processor.StandardRemovableAttributeTagProcessor
[THYMELEAF]             * [* {th:low,data-th-low}] [1000]: org.thymeleaf.standard.processor.StandardRemovableAttributeTagProcessor
[THYMELEAF]             * [* {th:archive,data-th-archive}] [1000]: org.thymeleaf.standard.processor.StandardRemovableAttributeTagProcessor
[THYMELEAF]             * [* {th:spellcheck,data-th-spellcheck}] [1000]: org.thymeleaf.standard.processor.StandardRemovableAttributeTagProcessor
[THYMELEAF]             * [* {th:usemap,data-th-usemap}] [1000]: org.thymeleaf.standard.processor.StandardRemovableAttributeTagProcessor
[THYMELEAF]             * [* {th:marginwidth,data-th-marginwidth}] [1000]: org.thymeleaf.standard.processor.StandardRemovableAttributeTagProcessor
[THYMELEAF]             * [* {th:challenge,data-th-challenge}] [1000]: org.thymeleaf.standard.processor.StandardRemovableAttributeTagProcessor
[THYMELEAF]             * [* {th:id,data-th-id}] [1000]: org.thymeleaf.standard.processor.StandardRemovableAttributeTagProcessor
[THYMELEAF]             * [* {th:style,data-th-style}] [1000]: org.thymeleaf.standard.processor.StandardRemovableAttributeTagProcessor
[THYMELEAF]             * [* {th:max,data-th-max}] [1000]: org.thymeleaf.standard.processor.StandardRemovableAttributeTagProcessor
[THYMELEAF]             * [* {th:sandbox,data-th-sandbox}] [1000]: org.thymeleaf.standard.processor.StandardRemovableAttributeTagProcessor
[THYMELEAF]             * [* {th:rows,data-th-rows}] [1000]: org.thymeleaf.standard.processor.StandardRemovableAttributeTagProcessor
[THYMELEAF]             * [* {th:tabindex,data-th-tabindex}] [1000]: org.thymeleaf.standard.processor.StandardRemovableAttributeTagProcessor
[THYMELEAF]             * [* {th:form,data-th-form}] [1000]: org.thymeleaf.standard.processor.StandardRemovableAttributeTagProcessor
[THYMELEAF]             * [* {th:min,data-th-min}] [1000]: org.thymeleaf.standard.processor.StandardRemovableAttributeTagProcessor
[THYMELEAF]             * [* {th:autocomplete,data-th-autocomplete}] [1000]: org.thymeleaf.standard.processor.StandardRemovableAttributeTagProcessor
[THYMELEAF]             * [* {th:optimum,data-th-optimum}] [1000]: org.thymeleaf.standard.processor.StandardRemovableAttributeTagProcessor
[THYMELEAF]             * [* {th:bgcolor,data-th-bgcolor}] [1000]: org.thymeleaf.standard.processor.StandardRemovableAttributeTagProcessor
[THYMELEAF]             * [* {th:marginheight,data-th-marginheight}] [1000]: org.thymeleaf.standard.processor.StandardRemovableAttributeTagProcessor
[THYMELEAF]             * [* {th:cite,data-th-cite}] [1000]: org.thymeleaf.standard.processor.StandardRemovableAttributeTagProcessor
[THYMELEAF]             * [* {th:formaction,data-th-formaction}] [1000]: org.thymeleaf.standard.processor.StandardRemovableAttributeTagProcessor
[THYMELEAF]             * [* {th:maxlength,data-th-maxlength}] [1000]: org.thymeleaf.standard.processor.StandardRemovableAttributeTagProcessor
[THYMELEAF]             * [* {th:border,data-th-border}] [1000]: org.thymeleaf.standard.processor.StandardRemovableAttributeTagProcessor
[THYMELEAF]             * [* {th:valuetype,data-th-valuetype}] [1000]: org.thymeleaf.standard.processor.StandardRemovableAttributeTagProcessor
[THYMELEAF]             * [* {th:start,data-th-start}] [1000]: org.thymeleaf.standard.processor.StandardRemovableAttributeTagProcessor
[THYMELEAF]             * [* {th:cellpadding,data-th-cellpadding}] [1000]: org.thymeleaf.standard.processor.StandardRemovableAttributeTagProcessor
[THYMELEAF]             * [* {th:codetype,data-th-codetype}] [1000]: org.thymeleaf.standard.processor.StandardRemovableAttributeTagProcessor
[THYMELEAF]             * [* {th:compact,data-th-compact}] [1000]: org.thymeleaf.standard.processor.StandardRemovableAttributeTagProcessor
[THYMELEAF]             * [* {th:target,data-th-target}] [1000]: org.thymeleaf.standard.processor.StandardRemovableAttributeTagProcessor
[THYMELEAF]             * [* {th:media,data-th-media}] [1000]: org.thymeleaf.standard.processor.StandardRemovableAttributeTagProcessor
[THYMELEAF]             * [* {th:poster,data-th-poster}] [1000]: org.thymeleaf.standard.processor.StandardRemovableAttributeTagProcessor
[THYMELEAF]             * [* {th:abbr,data-th-abbr}] [1000]: org.thymeleaf.standard.processor.StandardRemovableAttributeTagProcessor
[THYMELEAF]             * [* {th:wrap,data-th-wrap}] [1000]: org.thymeleaf.standard.processor.StandardRemovableAttributeTagProcessor
[THYMELEAF]             * [* {th:high,data-th-high}] [1000]: org.thymeleaf.standard.processor.StandardRemovableAttributeTagProcessor
[THYMELEAF]             * [* {th:hreflang,data-th-hreflang}] [1000]: org.thymeleaf.standard.processor.StandardRemovableAttributeTagProcessor
[THYMELEAF]             * [* {th:height,data-th-height}] [1000]: org.thymeleaf.standard.processor.StandardRemovableAttributeTagProcessor
[THYMELEAF]             * [* {th:accept,data-th-accept}] [1000]: org.thymeleaf.standard.processor.StandardRemovableAttributeTagProcessor
[THYMELEAF]             * [* {th:cols,data-th-cols}] [1000]: org.thymeleaf.standard.processor.StandardRemovableAttributeTagProcessor
[THYMELEAF]             * [* {th:cellspacing,data-th-cellspacing}] [1000]: org.thymeleaf.standard.processor.StandardRemovableAttributeTagProcessor
[THYMELEAF]             * [* {th:class,data-th-class}] [1000]: org.thymeleaf.standard.processor.StandardRemovableAttributeTagProcessor
[THYMELEAF]             * [* {th:scheme,data-th-scheme}] [1000]: org.thymeleaf.standard.processor.StandardRemovableAttributeTagProcessor
[THYMELEAF]             * [* {th:size,data-th-size}] [1000]: org.thymeleaf.standard.processor.StandardRemovableAttributeTagProcessor
[THYMELEAF]             * [* {th:classid,data-th-classid}] [1000]: org.thymeleaf.standard.processor.StandardRemovableAttributeTagProcessor
[THYMELEAF]             * [* {th:scope,data-th-scope}] [1000]: org.thymeleaf.standard.processor.StandardRemovableAttributeTagProcessor
[THYMELEAF]             * [* {th:preload,data-th-preload}] [1000]: org.thymeleaf.standard.processor.StandardRemovableAttributeTagProcessor
[THYMELEAF]             * [* {th:dropzone,data-th-dropzone}] [1000]: org.thymeleaf.standard.processor.StandardRemovableAttributeTagProcessor
[THYMELEAF]             * [* {th:codebase,data-th-codebase}] [1000]: org.thymeleaf.standard.processor.StandardRemovableAttributeTagProcessor
[THYMELEAF]             * [* {th:scrolling,data-th-scrolling}] [1000]: org.thymeleaf.standard.processor.StandardRemovableAttributeTagProcessor
[THYMELEAF]             * [* {th:accesskey,data-th-accesskey}] [1000]: org.thymeleaf.standard.processor.StandardRemovableAttributeTagProcessor
[THYMELEAF]             * [* {th:background,data-th-background}] [1000]: org.thymeleaf.standard.processor.StandardRemovableAttributeTagProcessor
[THYMELEAF]             * [* {th:srclang,data-th-srclang}] [1000]: org.thymeleaf.standard.processor.StandardRemovableAttributeTagProcessor
[THYMELEAF]             * [* {th:headers,data-th-headers}] [1000]: org.thymeleaf.standard.processor.StandardRemovableAttributeTagProcessor
[THYMELEAF]             * [* {th:list,data-th-list}] [1000]: org.thymeleaf.standard.processor.StandardRemovableAttributeTagProcessor
[THYMELEAF]             * [* {th:contenteditable,data-th-contenteditable}] [1000]: org.thymeleaf.standard.processor.StandardRemovableAttributeTagProcessor
[THYMELEAF]             * [* {th:lang,data-th-lang}] [1000]: org.thymeleaf.standard.processor.StandardRemovableAttributeTagProcessor
[THYMELEAF]             * [* {th:icon,data-th-icon}] [1000]: org.thymeleaf.standard.processor.StandardRemovableAttributeTagProcessor
[THYMELEAF]             * [* {th:datetime,data-th-datetime}] [1000]: org.thymeleaf.standard.processor.StandardRemovableAttributeTagProcessor
[THYMELEAF]             * [* {th:dir,data-th-dir}] [1000]: org.thymeleaf.standard.processor.StandardRemovableAttributeTagProcessor
[THYMELEAF]             * [* {th:manifest,data-th-manifest}] [1000]: org.thymeleaf.standard.processor.StandardRemovableAttributeTagProcessor
[THYMELEAF]             * [* {th:rowspan,data-th-rowspan}] [1000]: org.thymeleaf.standard.processor.StandardRemovableAttributeTagProcessor
[THYMELEAF]             * [* {th:title,data-th-title}] [1000]: org.thymeleaf.standard.processor.StandardRemovableAttributeTagProcessor
[THYMELEAF]             * [* {th:accept-charset,data-th-accept-charset}] [1000]: org.thymeleaf.standard.processor.StandardRemovableAttributeTagProcessor
[THYMELEAF]             * [* {th:frameborder,data-th-frameborder}] [1000]: org.thymeleaf.standard.processor.StandardRemovableAttributeTagProcessor
[THYMELEAF]             * [* {th:alt,data-th-alt}] [1000]: org.thymeleaf.standard.processor.StandardRemovableAttributeTagProcessor
[THYMELEAF]             * [* {th:rev,data-th-rev}] [1000]: org.thymeleaf.standard.processor.StandardRemovableAttributeTagProcessor
[THYMELEAF]             * [* {th:charset,data-th-charset}] [1000]: org.thymeleaf.standard.processor.StandardRemovableAttributeTagProcessor
[THYMELEAF]             * [* {th:colspan,data-th-colspan}] [1000]: org.thymeleaf.standard.processor.StandardRemovableAttributeTagProcessor
[THYMELEAF]             * [* {th:placeholder,data-th-placeholder}] [1000]: org.thymeleaf.standard.processor.StandardRemovableAttributeTagProcessor
[THYMELEAF]             * [* {th:audio,data-th-audio}] [1000]: org.thymeleaf.standard.processor.StandardRemovableAttributeTagProcessor
[THYMELEAF]             * [* {th:width,data-th-width}] [1000]: org.thymeleaf.standard.processor.StandardRemovableAttributeTagProcessor
[THYMELEAF]             * [* {th:draggable,data-th-draggable}] [1000]: org.thymeleaf.standard.processor.StandardRemovableAttributeTagProcessor
[THYMELEAF]             * [* {th:align,data-th-align}] [1000]: org.thymeleaf.standard.processor.StandardRemovableAttributeTagProcessor
[THYMELEAF]             * [* {th:for,data-th-for}] [1000]: org.thymeleaf.standard.processor.StandardRemovableAttributeTagProcessor
[THYMELEAF]             * [* {th:data,data-th-data}] [1000]: org.thymeleaf.standard.processor.StandardRemovableAttributeTagProcessor
[THYMELEAF]             * [* {th:axis,data-th-axis}] [1000]: org.thymeleaf.standard.processor.StandardRemovableAttributeTagProcessor
[THYMELEAF]             * [* {th:formtarget,data-th-formtarget}] [1000]: org.thymeleaf.standard.processor.StandardRemovableAttributeTagProcessor
[THYMELEAF]             * [* {th:hspace,data-th-hspace}] [1000]: org.thymeleaf.standard.processor.StandardRemovableAttributeTagProcessor
[THYMELEAF]             * [* {th:src,data-th-src}] [1000]: org.thymeleaf.standard.processor.StandardSrcTagProcessor
[THYMELEAF]             * [* {th:value,data-th-value}] [1000]: org.thymeleaf.standard.processor.StandardValueTagProcessor
[THYMELEAF]             * [* {th:xmlbase,data-th-xmlbase}] [1000]: org.thymeleaf.standard.processor.StandardXmlBaseTagProcessor
[THYMELEAF]             * [* {th:xmllang,data-th-xmllang}] [1000]: org.thymeleaf.standard.processor.StandardXmlLangTagProcessor
[THYMELEAF]             * [* {xmlns:th}] [1000]: org.thymeleaf.standard.processor.StandardXmlNsTagProcessor
[THYMELEAF]             * [* {th:xmlspace,data-th-xmlspace}] [1000]: org.thymeleaf.standard.processor.StandardXmlSpaceTagProcessor
[THYMELEAF]             * [* {th:classappend,data-th-classappend}] [1100]: org.thymeleaf.standard.processor.StandardClassappendTagProcessor
[THYMELEAF]             * [* {th:styleappend,data-th-styleappend}] [1100]: org.thymeleaf.standard.processor.StandardStyleappendTagProcessor
[THYMELEAF]             * [* {th:text,data-th-text}] [1300]: org.thymeleaf.standard.processor.StandardTextTagProcessor
[THYMELEAF]             * [* {th:utext,data-th-utext}] [1400]: org.thymeleaf.standard.processor.StandardUtextTagProcessor
[THYMELEAF]             * [* {th:fragment,data-th-fragment}] [1500]: org.thymeleaf.standard.processor.StandardFragmentTagProcessor
[THYMELEAF]             * [* {th:assert,data-th-assert}] [1550]: org.thymeleaf.standard.processor.StandardAssertTagProcessor
[THYMELEAF]             * [* {th:remove,data-th-remove}] [1600]: org.thymeleaf.standard.processor.StandardRemoveTagProcessor
[THYMELEAF]             * [* {th:ref,data-th-ref}] [10000]: org.thymeleaf.standard.processor.StandardRefAttributeTagProcessor
[THYMELEAF]             * [{th:block,th-block} *] [100000]: org.thymeleaf.standard.processor.StandardBlockTagProcessor
[THYMELEAF]             * [* th:*] [2147483647]: org.thymeleaf.standard.processor.StandardDefaultAttributesTagProcessor
[THYMELEAF]         * Text Processors by [precedence]:
[THYMELEAF]             * [1000]: org.thymeleaf.standard.processor.StandardInliningTextProcessor
[...]
[THYMELEAF]             * [* {th:min,data-th-min}] [1000]: org.thymeleaf.standard.processor.StandardRemovableAttributeTagProcessor
[THYMELEAF]             * [* {th:dir,data-th-dir}] [1000]: org.thymeleaf.standard.processor.StandardRemovableAttributeTagProcessor
[THYMELEAF]             * [* {th:id,data-th-id}] [1000]: org.thymeleaf.standard.processor.StandardRemovableAttributeTagProcessor
[THYMELEAF]             * [* {th:spellcheck,data-th-spellcheck}] [1000]: org.thymeleaf.standard.processor.StandardRemovableAttributeTagProcessor
[THYMELEAF]             * [* {th:label,data-th-label}] [1000]: org.thymeleaf.standard.processor.StandardRemovableAttributeTagProcessor
[THYMELEAF]             * [* {th:style,data-th-style}] [1000]: org.thymeleaf.standard.processor.StandardRemovableAttributeTagProcessor
[THYMELEAF]             * [* {th:icon,data-th-icon}] [1000]: org.thymeleaf.standard.processor.StandardRemovableAttributeTagProcessor
[THYMELEAF]             * [* {th:usemap,data-th-usemap}] [1000]: org.thymeleaf.standard.processor.StandardRemovableAttributeTagProcessor
[THYMELEAF]             * [* {th:frame,data-th-frame}] [1000]: org.thymeleaf.standard.processor.StandardRemovableAttributeTagProcessor
[THYMELEAF]             * [* {th:hspace,data-th-hspace}] [1000]: org.thymeleaf.standard.processor.StandardRemovableAttributeTagProcessor
[THYMELEAF]             * [* {th:charset,data-th-charset}] [1000]: org.thymeleaf.standard.processor.StandardRemovableAttributeTagProcessor
[THYMELEAF]             * [* {th:start,data-th-start}] [1000]: org.thymeleaf.standard.processor.StandardRemovableAttributeTagProcessor
[THYMELEAF]             * [* {th:alt,data-th-alt}] [1000]: org.thymeleaf.standard.processor.StandardRemovableAttributeTagProcessor
[THYMELEAF]             * [* {th:form,data-th-form}] [1000]: org.thymeleaf.standard.processor.StandardRemovableAttributeTagProcessor
[THYMELEAF]             * [* {th:width,data-th-width}] [1000]: org.thymeleaf.standard.processor.StandardRemovableAttributeTagProcessor
[THYMELEAF]             * [* {th:marginwidth,data-th-marginwidth}] [1000]: org.thymeleaf.standard.processor.StandardRemovableAttributeTagProcessor
[THYMELEAF]             * [* {th:cellpadding,data-th-cellpadding}] [1000]: org.thymeleaf.standard.processor.StandardRemovableAttributeTagProcessor
[THYMELEAF]             * [* {th:cols,data-th-cols}] [1000]: org.thymeleaf.standard.processor.StandardRemovableAttributeTagProcessor
[THYMELEAF]             * [* {th:border,data-th-border}] [1000]: org.thymeleaf.standard.processor.StandardRemovableAttributeTagProcessor
[THYMELEAF]             * [* {th:formtarget,data-th-formtarget}] [1000]: org.thymeleaf.standard.processor.StandardRemovableAttributeTagProcessor
[THYMELEAF]             * [* {th:codetype,data-th-codetype}] [1000]: org.thymeleaf.standard.processor.StandardRemovableAttributeTagProcessor
[THYMELEAF]             * [* {th:audio,data-th-audio}] [1000]: org.thymeleaf.standard.processor.StandardRemovableAttributeTagProcessor
[THYMELEAF]             * [* {th:placeholder,data-th-placeholder}] [1000]: org.thymeleaf.standard.processor.StandardRemovableAttributeTagProcessor
[THYMELEAF]             * [* {th:sandbox,data-th-sandbox}] [1000]: org.thymeleaf.standard.processor.StandardRemovableAttributeTagProcessor
[THYMELEAF]             * [* {th:compact,data-th-compact}] [1000]: org.thymeleaf.standard.processor.StandardRemovableAttributeTagProcessor
[THYMELEAF]             * [* {th:challenge,data-th-challenge}] [1000]: org.thymeleaf.standard.processor.StandardRemovableAttributeTagProcessor
[THYMELEAF]             * [* {th:headers,data-th-headers}] [1000]: org.thymeleaf.standard.processor.StandardRemovableAttributeTagProcessor
[THYMELEAF]             * [* {th:formmethod,data-th-formmethod}] [1000]: org.thymeleaf.standard.processor.StandardRemovableAttributeTagProcessor
[THYMELEAF]             * [* {th:rules,data-th-rules}] [1000]: org.thymeleaf.standard.processor.StandardRemovableAttributeTagProcessor
[THYMELEAF]             * [* {th:high,data-th-high}] [1000]: org.thymeleaf.standard.processor.StandardRemovableAttributeTagProcessor
[THYMELEAF]             * [* {th:enctype,data-th-enctype}] [1000]: org.thymeleaf.standard.processor.StandardRemovableAttributeTagProcessor
[THYMELEAF]             * [* {th:autocomplete,data-th-autocomplete}] [1000]: org.thymeleaf.standard.processor.StandardRemovableAttributeTagProcessor
[THYMELEAF]             * [* {th:content,data-th-content}] [1000]: org.thymeleaf.standard.processor.StandardRemovableAttributeTagProcessor
[THYMELEAF]             * [* {th:sizes,data-th-sizes}] [1000]: org.thymeleaf.standard.processor.StandardRemovableAttributeTagProcessor
[THYMELEAF]             * [* {th:abbr,data-th-abbr}] [1000]: org.thymeleaf.standard.processor.StandardRemovableAttributeTagProcessor
[THYMELEAF]             * [* {th:align,data-th-align}] [1000]: org.thymeleaf.standard.processor.StandardRemovableAttributeTagProcessor
[THYMELEAF]             * [* {th:accept,data-th-accept}] [1000]: org.thymeleaf.standard.processor.StandardRemovableAttributeTagProcessor
[THYMELEAF]             * [* {th:bgcolor,data-th-bgcolor}] [1000]: org.thymeleaf.standard.processor.StandardRemovableAttributeTagProcessor
[THYMELEAF]             * [* {th:accept-charset,data-th-accept-charset}] [1000]: org.thymeleaf.standard.processor.StandardRemovableAttributeTagProcessor
[THYMELEAF]             * [* {th:src,data-th-src}] [1000]: org.thymeleaf.standard.processor.StandardSrcTagProcessor
[THYMELEAF]             * [* {th:value,data-th-value}] [1000]: org.thymeleaf.standard.processor.StandardValueTagProcessor
[THYMELEAF]             * [* {th:xmlbase,data-th-xmlbase}] [1000]: org.thymeleaf.standard.processor.StandardXmlBaseTagProcessor
[THYMELEAF]             * [* {th:xmllang,data-th-xmllang}] [1000]: org.thymeleaf.standard.processor.StandardXmlLangTagProcessor
[THYMELEAF]             * [* {xmlns:th}] [1000]: org.thymeleaf.standard.processor.StandardXmlNsTagProcessor
[THYMELEAF]             * [* {th:xmlspace,data-th-xmlspace}] [1000]: org.thymeleaf.standard.processor.StandardXmlSpaceTagProcessor
[THYMELEAF]             * [* {th:classappend,data-th-classappend}] [1100]: org.thymeleaf.standard.processor.StandardClassappendTagProcessor
[THYMELEAF]             * [* {th:styleappend,data-th-styleappend}] [1100]: org.thymeleaf.standard.processor.StandardStyleappendTagProcessor
[THYMELEAF]             * [* {th:text,data-th-text}] [1300]: org.thymeleaf.standard.processor.StandardTextTagProcessor
[THYMELEAF]             * [* {th:utext,data-th-utext}] [1400]: org.thymeleaf.standard.processor.StandardUtextTagProcessor
[THYMELEAF]             * [* {th:fragment,data-th-fragment}] [1500]: org.thymeleaf.standard.processor.StandardFragmentTagProcessor
[THYMELEAF]             * [* {th:assert,data-th-assert}] [1550]: org.thymeleaf.standard.processor.StandardAssertTagProcessor
[THYMELEAF]             * [* {th:remove,data-th-remove}] [1600]: org.thymeleaf.standard.processor.StandardRemoveTagProcessor
[THYMELEAF]             * [* {th:ref,data-th-ref}] [10000]: org.thymeleaf.standard.processor.StandardRefAttributeTagProcessor
[THYMELEAF]             * [{th:block,th-block} *] [100000]: org.thymeleaf.standard.processor.StandardBlockTagProcessor
[THYMELEAF]             * [* th:*] [2147483647]: org.thymeleaf.standard.processor.StandardDefaultAttributesTagProcessor
[THYMELEAF]         * Text Processors by [precedence]:
[THYMELEAF]             * [1000]: org.thymeleaf.standard.processor.StandardInliningTextProcessor
[THYMELEAF]         * DOCTYPE Processors by [precedence]:
[THYMELEAF]             * [1000]: org.thymeleaf.standard.processor.StandardTranslationDocTypeProcessor
[THYMELEAF]         * CDATA Section Processors by [precedence]:
[THYMELEAF]             * [1000]: org.thymeleaf.standard.processor.StandardInliningCDATASectionProcessor
[THYMELEAF]         * Comment Processors by [precedence]:
[THYMELEAF]             * [1000]: org.thymeleaf.standard.processor.StandardInliningCommentProcessor
[THYMELEAF]             * [1100]: org.thymeleaf.standard.processor.StandardConditionalCommentProcessor
[THYMELEAF]     * Processors for Template Mode: XML
[THYMELEAF]         * Element Tag Processors by [matching element and attribute name] [precedence]:
[THYMELEAF]             * [* {th:include}] [100]: org.thymeleaf.standard.processor.StandardIncludeTagProcessor
[THYMELEAF]             * [* {th:insert}] [100]: org.thymeleaf.standard.processor.StandardInsertTagProcessor
[THYMELEAF]             * [* {th:replace}] [100]: org.thymeleaf.standard.processor.StandardReplaceTagProcessor
[THYMELEAF]             * [* {th:each}] [200]: com.intuit.karate.template.KarateEachTagProcessor
[THYMELEAF]             * [* {th:switch}] [250]: org.thymeleaf.standard.processor.StandardSwitchTagProcessor
[THYMELEAF]             * [* {th:case}] [275]: org.thymeleaf.standard.processor.StandardCaseTagProcessor
[THYMELEAF]             * [* {th:if}] [300]: org.thymeleaf.standard.processor.StandardIfTagProcessor
[THYMELEAF]             * [* {th:unless}] [400]: org.thymeleaf.standard.processor.StandardUnlessTagProcessor
[THYMELEAF]             * [* {th:object}] [500]: org.thymeleaf.standard.processor.StandardObjectTagProcessor
[THYMELEAF]             * [* {th:with}] [600]: com.intuit.karate.template.KarateWithTagProcessor
[THYMELEAF]             * [* {th:attr}] [700]: com.intuit.karate.template.KarateAttributeTagProcessor.KarateAttrTagProcessor
[THYMELEAF]             * [* {th:attrappend}] [900]: com.intuit.karate.template.KarateAttributeTagProcessor.KarateAttrappendTagProcessor
[THYMELEAF]             * [* {th:attrprepend}] [900]: com.intuit.karate.template.KarateAttributeTagProcessor.KarateAttrprependTagProcessor
[THYMELEAF]             * [* {th:inline}] [1000]: org.thymeleaf.standard.processor.StandardInlineXMLTagProcessor
[THYMELEAF]             * [* {xmlns:th}] [1000]: org.thymeleaf.standard.processor.StandardXmlNsTagProcessor
[THYMELEAF]             * [* {th:text}] [1300]: org.thymeleaf.standard.processor.StandardTextTagProcessor
[THYMELEAF]             * [* {th:utext}] [1400]: org.thymeleaf.standard.processor.StandardUtextTagProcessor
[THYMELEAF]             * [* {th:fragment}] [1500]: org.thymeleaf.standard.processor.StandardFragmentTagProcessor
[THYMELEAF]             * [* {th:assert}] [1550]: org.thymeleaf.standard.processor.StandardAssertTagProcessor
[THYMELEAF]             * [* {th:remove}] [1600]: org.thymeleaf.standard.processor.StandardRemoveTagProcessor
[THYMELEAF]             * [* {th:ref}] [10000]: org.thymeleaf.standard.processor.StandardRefAttributeTagProcessor
[THYMELEAF]             * [{th:block} *] [100000]: org.thymeleaf.standard.processor.StandardBlockTagProcessor
[THYMELEAF]             * [* th:*] [2147483647]: org.thymeleaf.standard.processor.StandardDefaultAttributesTagProcessor
[THYMELEAF]         * Text Processors by [precedence]:
[THYMELEAF]             * [1000]: org.thymeleaf.standard.processor.StandardInliningTextProcessor
[THYMELEAF]         * CDATA Section Processors by [precedence]:
[THYMELEAF]             * [1000]: org.thymeleaf.standard.processor.StandardInliningCDATASectionProcessor
[THYMELEAF]         * Comment Processors by [precedence]:
[THYMELEAF]             * [1000]: org.thymeleaf.standard.processor.StandardInliningCommentProcessor
[THYMELEAF]     * Processors for Template Mode: TEXT
[THYMELEAF]         * Element Tag Processors by [matching element and attribute name] [precedence]:
[THYMELEAF]             * [* {th:insert}] [100]: org.thymeleaf.standard.processor.StandardInsertTagProcessor
[THYMELEAF]             * [* {th:replace}] [100]: org.thymeleaf.standard.processor.StandardReplaceTagProcessor
[THYMELEAF]             * [* {th:each}] [200]: com.intuit.karate.template.KarateEachTagProcessor
[THYMELEAF]             * [* {th:switch}] [250]: org.thymeleaf.standard.processor.StandardSwitchTagProcessor
[THYMELEAF]             * [* {th:case}] [275]: org.thymeleaf.standard.processor.StandardCaseTagProcessor
[THYMELEAF]             * [* {th:if}] [300]: org.thymeleaf.standard.processor.StandardIfTagProcessor
[THYMELEAF]             * [* {th:unless}] [400]: org.thymeleaf.standard.processor.StandardUnlessTagProcessor
[THYMELEAF]             * [* {th:object}] [500]: org.thymeleaf.standard.processor.StandardObjectTagProcessor
[THYMELEAF]             * [* {th:with}] [600]: com.intuit.karate.template.KarateWithTagProcessor
[THYMELEAF]             * [* {th:inline}] [1000]: org.thymeleaf.standard.processor.StandardInlineTextualTagProcessor
[THYMELEAF]             * [* {th:text}] [1300]: org.thymeleaf.standard.processor.StandardTextTagProcessor
[THYMELEAF]             * [* {th:utext}] [1400]: org.thymeleaf.standard.processor.StandardUtextTagProcessor
[THYMELEAF]             * [* {th:assert}] [1550]: org.thymeleaf.standard.processor.StandardAssertTagProcessor
[THYMELEAF]             * [* {th:remove}] [1600]: org.thymeleaf.standard.processor.StandardRemoveTagProcessor
[THYMELEAF]             * [{th:block} *] [100000]: org.thymeleaf.standard.processor.StandardBlockTagProcessor
[THYMELEAF]             * [* 100000] [org.thymeleaf.standard.processor.StandardBlockTagProcessor]: {}
[THYMELEAF]         * Text Processors by [precedence]:
[THYMELEAF]             * [1000]: org.thymeleaf.standard.processor.StandardInliningTextProcessor
[THYMELEAF]     * Processors for Template Mode: JAVASCRIPT
[THYMELEAF]         * Element Tag Processors by [matching element and attribute name] [precedence]:
[THYMELEAF]             * [* {th:insert}] [100]: org.thymeleaf.standard.processor.StandardInsertTagProcessor
[THYMELEAF]             * [* {th:replace}] [100]: org.thymeleaf.standard.processor.StandardReplaceTagProcessor
[THYMELEAF]             * [* {th:each}] [200]: com.intuit.karate.template.KarateEachTagProcessor
[THYMELEAF]             * [* {th:switch}] [250]: org.thymeleaf.standard.processor.StandardSwitchTagProcessor
[THYMELEAF]             * [* {th:case}] [275]: org.thymeleaf.standard.processor.StandardCaseTagProcessor
[THYMELEAF]             * [* {th:if}] [300]: org.thymeleaf.standard.processor.StandardIfTagProcessor
[THYMELEAF]             * [* {th:unless}] [400]: org.thymeleaf.standard.processor.StandardUnlessTagProcessor
[THYMELEAF]             * [* {th:object}] [500]: org.thymeleaf.standard.processor.StandardObjectTagProcessor
[THYMELEAF]             * [* {th:with}] [600]: com.intuit.karate.template.KarateWithTagProcessor
[THYMELEAF]             * [* {th:inline}] [1000]: org.thymeleaf.standard.processor.StandardInlineTextualTagProcessor
[THYMELEAF]             * [* {th:text}] [1300]: org.thymeleaf.standard.processor.StandardTextTagProcessor
[THYMELEAF]             * [* {th:utext}] [1400]: org.thymeleaf.standard.processor.StandardUtextTagProcessor
[THYMELEAF]             * [* {th:assert}] [1550]: org.thymeleaf.standard.processor.StandardAssertTagProcessor
[THYMELEAF]             * [* {th:remove}] [1600]: org.thymeleaf.standard.processor.StandardRemoveTagProcessor
[THYMELEAF]             * [* 100000] [org.thymeleaf.standard.processor.StandardBlockTagProcessor]: {}
[THYMELEAF]             * [{th:block} *] [100000]: org.thymeleaf.standard.processor.StandardBlockTagProcessor
[THYMELEAF]         * Text Processors by [precedence]:
[THYMELEAF]             * [1000]: org.thymeleaf.standard.processor.StandardInliningTextProcessor
[THYMELEAF]     * Processors for Template Mode: CSS
[THYMELEAF]         * Element Tag Processors by [matching element and attribute name] [precedence]:
[THYMELEAF]             * [* {th:insert}] [100]: org.thymeleaf.standard.processor.StandardInsertTagProcessor
[THYMELEAF]             * [* {th:replace}] [100]: org.thymeleaf.standard.processor.StandardReplaceTagProcessor
[THYMELEAF]             * [* {th:each}] [200]: com.intuit.karate.template.KarateEachTagProcessor
[THYMELEAF]             * [* {th:switch}] [250]: org.thymeleaf.standard.processor.StandardSwitchTagProcessor
[THYMELEAF]             * [* {th:case}] [275]: org.thymeleaf.standard.processor.StandardCaseTagProcessor
[THYMELEAF]             * [* {th:if}] [300]: org.thymeleaf.standard.processor.StandardIfTagProcessor
[THYMELEAF]             * [* {th:unless}] [400]: org.thymeleaf.standard.processor.StandardUnlessTagProcessor
[THYMELEAF]             * [* {th:object}] [500]: org.thymeleaf.standard.processor.StandardObjectTagProcessor
[THYMELEAF]             * [* {th:with}] [600]: com.intuit.karate.template.KarateWithTagProcessor
[THYMELEAF]             * [* {th:inline}] [1000]: org.thymeleaf.standard.processor.StandardInlineTextualTagProcessor
[THYMELEAF]             * [* {th:text}] [1300]: org.thymeleaf.standard.processor.StandardTextTagProcessor
[THYMELEAF]             * [* {th:utext}] [1400]: org.thymeleaf.standard.processor.StandardUtextTagProcessor
[THYMELEAF]             * [* {th:assert}] [1550]: org.thymeleaf.standard.processor.StandardAssertTagProcessor
[THYMELEAF]             * [* {th:remove}] [1600]: org.thymeleaf.standard.processor.StandardRemoveTagProcessor
[THYMELEAF]             * [{th:block} *] [100000]: org.thymeleaf.standard.processor.StandardBlockTagProcessor
[THYMELEAF]             * [* 100000] [org.thymeleaf.standard.processor.StandardBlockTagProcessor]: {}
[THYMELEAF]         * Text Processors by [precedence]:
[THYMELEAF]             * [1000]: org.thymeleaf.standard.processor.StandardInliningTextProcessor
[THYMELEAF]     * Expression Objects:
[THYMELEAF]         * #ctx
[THYMELEAF]         * #root
[THYMELEAF]         * #vars
[THYMELEAF]         * #object
[THYMELEAF]         * #locale
[THYMELEAF]         * #conversions
[THYMELEAF]         * #uris
[THYMELEAF]         * #temporals
[THYMELEAF]         * #calendars
[THYMELEAF]         * #dates
[THYMELEAF]         * #bools
[THYMELEAF]         * #numbers
[THYMELEAF]         * #objects
[THYMELEAF]         * #strings
[THYMELEAF]         * #arrays
[THYMELEAF]         * #lists
[THYMELEAF]         * #sets
[THYMELEAF]         * #maps
[THYMELEAF]         * #aggregates
[THYMELEAF]         * #messages
[THYMELEAF]         * #ids
[THYMELEAF]         * #execInfo
[THYMELEAF]         * #request
[THYMELEAF]         * #response
[THYMELEAF]         * #session
[THYMELEAF]         * #servletContext
[THYMELEAF]     * Execution Attributes:
[THYMELEAF]         * "StandardExpressionParser": com.intuit.karate.template.KarateStandardDialect@5c8b10b4
[THYMELEAF]         * "StandardJavaScriptSerializer": org.thymeleaf.standard.serializer.StandardJavaScriptSerializer@5f6a8efe
[THYMELEAF]         * "StandardCSSSerializer": org.thymeleaf.standard.serializer.StandardCSSSerializer@3dd2b9c1
[THYMELEAF]         * "StandardVariableExpressionEvaluator": com.intuit.karate.template.KarateStandardDialect@5c8b10b4
[THYMELEAF]         * "StandardConversionService": org.thymeleaf.standard.expression.StandardConversionService@6a1d1467
[THYMELEAF] * Dialect [2 of 2]: karate (com.intuit.karate.template.KarateScriptDialect)
[THYMELEAF]     * Prefix: "ka"
[THYMELEAF]     * Processors for Template Mode: HTML
[THYMELEAF]         * Element Tag Processors by [matching element and attribute name] [precedence]:
[THYMELEAF]             * [* {src}] [1000]: com.intuit.karate.template.KaScriptAttrProcessor
[THYMELEAF]         * Element Model Processors by [matching element and attribute name] [precedence]:
[THYMELEAF]             * [{script} {ka:scope,data-ka-scope}] [1000]: com.intuit.karate.template.KaScriptElemProcessor
[THYMELEAF]             * [* {ka:set,data-ka-set}] [1000]: com.intuit.karate.template.KaSetElemProcessor
[THYMELEAF] TEMPLATE ENGINE CONFIGURED OK
18:09:54.934 [main] DEBUG org.thymeleaf.TemplateEngine -- [THYMELEAF] TEMPLATE ENGINE INITIALIZED

HTML report: (paste into browser to view) | Karate version: 1.4.1
file:///Users/harishmuleva/projects/els-professional-kits/dev-test-ops-pro/level5/testing/karate/target/karate-reports/karate-summary.html
===================================================================

]]></system-out>
  </testcase>
</testsuite>